#
# There is insufficient memory for the Java Runtime Environment to continue.
# Native memory allocation (malloc) failed to allocate 422416 bytes for Chunk::new
# Possible reasons:
#   The system is out of physical RAM or swap space
#   The process is running with CompressedOops enabled, and the Java Heap may be blocking the growth of the native heap
# Possible solutions:
#   Reduce memory load on the system
#   Increase physical memory or swap space
#   Check if swap backing store is full
#   Decrease Java heap size (-Xmx/-Xms)
#   Decrease number of Java threads
#   Decrease Java thread stack sizes (-Xss)
#   Set larger code cache with -XX:ReservedCodeCacheSize=
#   JVM is running with Unscaled Compressed Oops mode in which the Java heap is
#     placed in the first 4GB address space. The Java Heap base address is the
#     maximum limit for the native heap growth. Please use -XX:HeapBaseMinAddress
#     to set the Java Heap base and to place the Java Heap above 4GB virtual address.
# This output file may be truncated or incomplete.
#
#  Out of Memory Error (arena.cpp:197), pid=47972, tid=46504
#
# JRE version: OpenJDK Runtime Environment Microsoft-8035250 (11.0.20+8) (build 11.0.20+8-LTS)
# Java VM: OpenJDK 64-Bit Server VM Microsoft-8035250 (11.0.20+8-LTS, mixed mode, tiered, compressed oops, g1 gc, windows-amd64)
# No core dump will be written. Minidumps are not enabled by default on client versions of Windows
#

---------------  S U M M A R Y ------------

Command Line: -XX:MaxMetaspaceSize=512m --add-opens=java.base/java.util=ALL-UNNAMED --add-opens=java.base/java.lang=ALL-UNNAMED --add-opens=java.base/java.lang.invoke=ALL-UNNAMED --add-opens=java.prefs/java.util.prefs=ALL-UNNAMED --add-opens=java.base/java.nio.charset=ALL-UNNAMED --add-opens=java.base/java.net=ALL-UNNAMED --add-opens=java.base/java.util.concurrent.atomic=ALL-UNNAMED -Xmx2048m -Dfile.encoding=windows-1252 -Duser.country=US -Duser.language=en -Duser.variant org.gradle.launcher.daemon.bootstrap.GradleDaemon 8.0.1

Host: Intel(R) Core(TM) i7-6820HQ CPU @ 2.70GHz, 4 cores, 7G,  Windows 10 , 64 bit Build 19041 (10.0.19041.3031)
Time: Thu Dec  7 22:05:18 2023 Pakistan Standard Time elapsed time: 79.449012 seconds (0d 0h 1m 19s)

---------------  T H R E A D  ---------------

Current thread (0x000002483fdd0800):  JavaThread "C2 CompilerThread0" daemon [_thread_in_native, id=46504, stack(0x000000613fd00000,0x000000613fe00000)]


Current CompileTask:
C2:  79449 4035       4       org.gradle.internal.logging.text.AbstractLineChoppingStyledTextOutput::doAppend (43 bytes)

Stack: [0x000000613fd00000,0x000000613fe00000]
Native frames: (J=compiled Java code, j=interpreted, Vv=VM code, C=native code)
V  [jvm.dll+0x62e9da]
V  [jvm.dll+0x7bc4e9]
V  [jvm.dll+0x7bdbd8]
V  [jvm.dll+0x7be2b3]
V  [jvm.dll+0x2505a8]
V  [jvm.dll+0xc263c]
V  [jvm.dll+0xc2bfc]
V  [jvm.dll+0x35fd82]
V  [jvm.dll+0x32bf13]
V  [jvm.dll+0x32b24a]
V  [jvm.dll+0x2097e3]
V  [jvm.dll+0x20893d]
V  [jvm.dll+0x18a7de]
V  [jvm.dll+0x2181ec]
V  [jvm.dll+0x21642b]
V  [jvm.dll+0x77efc0]
V  [jvm.dll+0x777db4]
V  [jvm.dll+0x62d845]
C  [ucrtbase.dll+0x21bb2]
C  [KERNEL32.DLL+0x17614]
C  [ntdll.dll+0x526f1]


---------------  P R O C E S S  ---------------

Threads class SMR info:
_java_thread_list=0x0000024841296720, length=36, elements={
0x000002481ecc0800, 0x000002483f475000, 0x000002483f476000, 0x000002483f4c4800,
0x000002483f4c5800, 0x000002483f4c9800, 0x000002483fdd0800, 0x000002483fe37000,
0x000002483fe39800, 0x000002483ff63000, 0x0000024841e91000, 0x00000248414aa800,
0x0000024840e13000, 0x0000024840110800, 0x00000248403cf800, 0x0000024841224800,
0x0000024841c9d800, 0x0000024840099800, 0x0000024840e3d000, 0x0000024840e3d800,
0x0000024840b00800, 0x0000024840b02000, 0x0000024840b06000, 0x0000024840b07000,
0x0000024840b02800, 0x0000024840b05000, 0x0000024840b01000, 0x0000024840b03800,
0x0000024840b04800, 0x00000248421ea000, 0x00000248421e8800, 0x00000248421e9800,
0x00000248421e7000, 0x00000248421eb000, 0x00000248421e7800, 0x00000248421e6000
}

Java Threads: ( => current thread )
  0x000002481ecc0800 JavaThread "main" [_thread_blocked, id=58508, stack(0x000000613f000000,0x000000613f100000)]
  0x000002483f475000 JavaThread "Reference Handler" daemon [_thread_blocked, id=57352, stack(0x000000613f800000,0x000000613f900000)]
  0x000002483f476000 JavaThread "Finalizer" daemon [_thread_blocked, id=57376, stack(0x000000613f900000,0x000000613fa00000)]
  0x000002483f4c4800 JavaThread "Signal Dispatcher" daemon [_thread_blocked, id=57428, stack(0x000000613fa00000,0x000000613fb00000)]
  0x000002483f4c5800 JavaThread "Attach Listener" daemon [_thread_blocked, id=54344, stack(0x000000613fb00000,0x000000613fc00000)]
  0x000002483f4c9800 JavaThread "Service Thread" daemon [_thread_blocked, id=55248, stack(0x000000613fc00000,0x000000613fd00000)]
=>0x000002483fdd0800 JavaThread "C2 CompilerThread0" daemon [_thread_in_native, id=46504, stack(0x000000613fd00000,0x000000613fe00000)]
  0x000002483fe37000 JavaThread "C1 CompilerThread0" daemon [_thread_blocked, id=57340, stack(0x000000613fe00000,0x000000613ff00000)]
  0x000002483fe39800 JavaThread "Sweeper thread" daemon [_thread_blocked, id=59100, stack(0x000000613ff00000,0x0000006140000000)]
  0x000002483ff63000 JavaThread "Common-Cleaner" daemon [_thread_blocked, id=58000, stack(0x0000006140000000,0x0000006140100000)]
  0x0000024841e91000 JavaThread "Daemon health stats" [_thread_blocked, id=58172, stack(0x0000006140400000,0x0000006140500000)]
  0x00000248414aa800 JavaThread "Incoming local TCP Connector on port 63382" [_thread_in_native, id=57192, stack(0x0000006140500000,0x0000006140600000)]
  0x0000024840e13000 JavaThread "Daemon periodic checks" [_thread_blocked, id=55772, stack(0x0000006140600000,0x0000006140700000)]
  0x0000024840110800 JavaThread "Daemon" [_thread_blocked, id=58264, stack(0x0000006140700000,0x0000006140800000)]
  0x00000248403cf800 JavaThread "Handler for socket connection from /127.0.0.1:63382 to /127.0.0.1:63389" [_thread_in_native, id=58004, stack(0x0000006140800000,0x0000006140900000)]
  0x0000024841224800 JavaThread "Cancel handler" [_thread_blocked, id=57244, stack(0x0000006140900000,0x0000006140a00000)]
  0x0000024841c9d800 JavaThread "Daemon worker" [_thread_in_native, id=39752, stack(0x0000006140a00000,0x0000006140b00000)]
  0x0000024840099800 JavaThread "Asynchronous log dispatcher for DefaultDaemonConnection: socket connection from /127.0.0.1:63382 to /127.0.0.1:63389" [_thread_blocked, id=57216, stack(0x0000006140b00000,0x0000006140c00000)]
  0x0000024840e3d000 JavaThread "Stdin handler" [_thread_blocked, id=57112, stack(0x0000006140c00000,0x0000006140d00000)]
  0x0000024840e3d800 JavaThread "Daemon client event forwarder" [_thread_blocked, id=57292, stack(0x0000006140d00000,0x0000006140e00000)]
  0x0000024840b00800 JavaThread "Cache worker for journal cache (C:\Users\user\.gradle\caches\journal-1)" [_thread_blocked, id=55716, stack(0x0000006140f00000,0x0000006141000000)]
  0x0000024840b02000 JavaThread "File lock request listener" [_thread_in_native, id=55572, stack(0x0000006141000000,0x0000006141100000)]
  0x0000024840b06000 JavaThread "File lock release action executor" [_thread_blocked, id=11704, stack(0x0000006141100000,0x0000006141200000)]
  0x0000024840b07000 JavaThread "Cache worker for file hash cache (C:\Users\user\.gradle\caches\8.0.1\fileHashes)" [_thread_blocked, id=56596, stack(0x0000006141200000,0x0000006141300000)]
  0x0000024840b02800 JavaThread "File watcher server" daemon [_thread_in_native, id=58204, stack(0x0000006141300000,0x0000006141400000)]
  0x0000024840b05000 JavaThread "File watcher consumer" daemon [_thread_blocked, id=56284, stack(0x0000006141400000,0x0000006141500000)]
  0x0000024840b01000 JavaThread "Cache worker for checksums cache (C:\Users\user\Desktop\Tech\ReactNativeWithReduxSaga\android\.gradle\8.0.1\checksums)" [_thread_blocked, id=56360, stack(0x0000006141500000,0x0000006141600000)]
  0x0000024840b03800 JavaThread "Cache worker for cache directory md-rule (C:\Users\user\.gradle\caches\8.0.1\md-rule)" [_thread_blocked, id=57436, stack(0x0000006141600000,0x0000006141700000)]
  0x0000024840b04800 JavaThread "Cache worker for file content cache (C:\Users\user\.gradle\caches\8.0.1\fileContent)" [_thread_blocked, id=17808, stack(0x0000006141700000,0x0000006141800000)]
  0x00000248421ea000 JavaThread "Cache worker for file hash cache (C:\Users\user\Desktop\Tech\ReactNativeWithReduxSaga\android\.gradle\8.0.1\fileHashes)" [_thread_blocked, id=56220, stack(0x0000006141800000,0x0000006141900000)]
  0x00000248421e8800 JavaThread "Cache worker for cache directory md-supplier (C:\Users\user\.gradle\caches\8.0.1\md-supplier)" [_thread_blocked, id=58632, stack(0x0000006141900000,0x0000006141a00000)]
  0x00000248421e9800 JavaThread "Cache worker for execution history cache (C:\Users\user\.gradle\caches\8.0.1\executionHistory)" [_thread_blocked, id=10648, stack(0x0000006141a00000,0x0000006141b00000)]
  0x00000248421e7000 JavaThread "jar transforms" [_thread_blocked, id=57920, stack(0x0000006141d00000,0x0000006141e00000)]
  0x00000248421eb000 JavaThread "jar transforms Thread 2" [_thread_blocked, id=57696, stack(0x000000613ef00000,0x000000613f000000)]
  0x00000248421e7800 JavaThread "jar transforms Thread 3" [_thread_blocked, id=51988, stack(0x000000613f100000,0x000000613f200000)]
  0x00000248421e6000 JavaThread "jar transforms Thread 4" [_thread_blocked, id=6572, stack(0x0000006141e00000,0x0000006141f00000)]

Other Threads:
  0x000002483f45d800 VMThread "VM Thread" [stack: 0x000000613f700000,0x000000613f800000] [id=58788]
  0x000002483ff68800 WatcherThread [stack: 0x0000006140100000,0x0000006140200000] [id=58224]
  0x000002481ecd9800 GCTaskThread "GC Thread#0" [stack: 0x000000613f200000,0x000000613f300000] [id=14152]
  0x00000248404dd000 GCTaskThread "GC Thread#1" [stack: 0x0000006140200000,0x0000006140300000] [id=48944]
  0x0000024840481800 GCTaskThread "GC Thread#2" [stack: 0x0000006140300000,0x0000006140400000] [id=57716]
  0x0000024840a25000 GCTaskThread "GC Thread#3" [stack: 0x0000006140e00000,0x0000006140f00000] [id=57208]
  0x000002481ed0c000 ConcurrentGCThread "G1 Main Marker" [stack: 0x000000613f300000,0x000000613f400000] [id=58452]
  0x000002481ed0d000 ConcurrentGCThread "G1 Conc#0" [stack: 0x000000613f400000,0x000000613f500000] [id=59072]
  0x000002483f2e0800 ConcurrentGCThread "G1 Refine#0" [stack: 0x000000613f500000,0x000000613f600000] [id=59136]
  0x000002483f2e1800 ConcurrentGCThread "G1 Young RemSet Sampling" [stack: 0x000000613f600000,0x000000613f700000] [id=9364]

Threads with active compile tasks:
C2 CompilerThread0    79482 4035       4       org.gradle.internal.logging.text.AbstractLineChoppingStyledTextOutput::doAppend (43 bytes)

VM state:not at safepoint (normal execution)

VM Mutex/Monitor currently owned by a thread: None

Heap address: 0x0000000080000000, size: 2048 MB, Compressed Oops mode: 32-bit
Narrow klass base: 0x0000000000000000, Narrow klass shift: 3
Compressed class space size: 528482304 Address: 0x0000000100000000

Heap:
 garbage-first heap   total 131072K, used 44504K [0x0000000080000000, 0x0000000100000000)
  region size 1024K, 24 young (24576K), 8 survivors (8192K)
 Metaspace       used 41842K, capacity 42983K, committed 43216K, reserved 555008K
  class space    used 5230K, capacity 5636K, committed 5760K, reserved 516096K
Heap Regions: E=young(eden), S=young(survivor), O=old, HS=humongous(starts), HC=humongous(continues), CS=collection set, F=free, A=archive, TAMS=top-at-mark-start (previous, next)
|   0|0x0000000080000000, 0x0000000080100000, 0x0000000080100000|100%| O|  |TAMS 0x0000000080100000, 0x0000000080000000| Untracked 
|   1|0x0000000080100000, 0x0000000080200000, 0x0000000080200000|100%| O|  |TAMS 0x0000000080200000, 0x0000000080100000| Untracked 
|   2|0x0000000080200000, 0x0000000080300000, 0x0000000080300000|100%| O|  |TAMS 0x0000000080300000, 0x0000000080200000| Untracked 
|   3|0x0000000080300000, 0x0000000080400000, 0x0000000080400000|100%|HS|  |TAMS 0x0000000080400000, 0x0000000080300000| Complete 
|   4|0x0000000080400000, 0x0000000080500000, 0x0000000080500000|100%|HC|  |TAMS 0x0000000080500000, 0x0000000080400000| Complete 
|   5|0x0000000080500000, 0x0000000080600000, 0x0000000080600000|100%|HC|  |TAMS 0x0000000080600000, 0x0000000080500000| Complete 
|   6|0x0000000080600000, 0x0000000080700000, 0x0000000080700000|100%|HC|  |TAMS 0x0000000080700000, 0x0000000080600000| Complete 
|   7|0x0000000080700000, 0x0000000080800000, 0x0000000080800000|100%| O|  |TAMS 0x0000000080800000, 0x0000000080700000| Untracked 
|   8|0x0000000080800000, 0x0000000080900000, 0x0000000080900000|100%| O|  |TAMS 0x0000000080900000, 0x0000000080800000| Untracked 
|   9|0x0000000080900000, 0x0000000080a00000, 0x0000000080a00000|100%| O|  |TAMS 0x0000000080a00000, 0x0000000080900000| Untracked 
|  10|0x0000000080a00000, 0x0000000080b00000, 0x0000000080b00000|100%| O|  |TAMS 0x0000000080b00000, 0x0000000080a00000| Untracked 
|  11|0x0000000080b00000, 0x0000000080c00000, 0x0000000080c00000|100%| O|  |TAMS 0x0000000080c00000, 0x0000000080b00000| Untracked 
|  12|0x0000000080c00000, 0x0000000080d00000, 0x0000000080d00000|100%| O|  |TAMS 0x0000000080d00000, 0x0000000080c00000| Untracked 
|  13|0x0000000080d00000, 0x0000000080e00000, 0x0000000080e00000|100%| O|  |TAMS 0x0000000080e00000, 0x0000000080d00000| Untracked 
|  14|0x0000000080e00000, 0x0000000080f00000, 0x0000000080f00000|100%| O|  |TAMS 0x0000000080f00000, 0x0000000080e00000| Untracked 
|  15|0x0000000080f00000, 0x0000000081000000, 0x0000000081000000|100%| O|  |TAMS 0x0000000081000000, 0x0000000080f00000| Untracked 
|  16|0x0000000081000000, 0x0000000081100000, 0x0000000081100000|100%| O|  |TAMS 0x0000000081100000, 0x0000000081000000| Untracked 
|  17|0x0000000081100000, 0x0000000081200000, 0x0000000081200000|100%| O|  |TAMS 0x0000000081200000, 0x0000000081100000| Untracked 
|  18|0x0000000081200000, 0x0000000081300000, 0x0000000081300000|100%| O|  |TAMS 0x0000000081300000, 0x0000000081200000| Untracked 
|  19|0x0000000081300000, 0x0000000081300000, 0x0000000081400000|  0%| F|  |TAMS 0x0000000081300000, 0x0000000081300000| Untracked 
|  20|0x0000000081400000, 0x0000000081400000, 0x0000000081500000|  0%| F|  |TAMS 0x0000000081400000, 0x0000000081400000| Untracked 
|  21|0x0000000081500000, 0x0000000081500000, 0x0000000081600000|  0%| F|  |TAMS 0x0000000081500000, 0x0000000081500000| Untracked 
|  22|0x0000000081600000, 0x0000000081700000, 0x0000000081700000|100%| O|  |TAMS 0x0000000081700000, 0x0000000081600000| Untracked 
|  23|0x0000000081700000, 0x0000000081776000, 0x0000000081800000| 46%| O|  |TAMS 0x0000000081776000, 0x0000000081700000| Untracked 
|  24|0x0000000081800000, 0x0000000081800000, 0x0000000081900000|  0%| F|  |TAMS 0x0000000081800000, 0x0000000081800000| Untracked 
|  25|0x0000000081900000, 0x0000000081900000, 0x0000000081a00000|  0%| F|  |TAMS 0x0000000081900000, 0x0000000081900000| Untracked 
|  26|0x0000000081a00000, 0x0000000081a00000, 0x0000000081b00000|  0%| F|  |TAMS 0x0000000081a00000, 0x0000000081a00000| Untracked 
|  27|0x0000000081b00000, 0x0000000081b00000, 0x0000000081c00000|  0%| F|  |TAMS 0x0000000081b00000, 0x0000000081b00000| Untracked 
|  28|0x0000000081c00000, 0x0000000081c00000, 0x0000000081d00000|  0%| F|  |TAMS 0x0000000081c00000, 0x0000000081c00000| Untracked 
|  29|0x0000000081d00000, 0x0000000081d00000, 0x0000000081e00000|  0%| F|  |TAMS 0x0000000081d00000, 0x0000000081d00000| Untracked 
|  30|0x0000000081e00000, 0x0000000081e00000, 0x0000000081f00000|  0%| F|  |TAMS 0x0000000081e00000, 0x0000000081e00000| Untracked 
|  31|0x0000000081f00000, 0x0000000081f00000, 0x0000000082000000|  0%| F|  |TAMS 0x0000000081f00000, 0x0000000081f00000| Untracked 
|  32|0x0000000082000000, 0x0000000082000000, 0x0000000082100000|  0%| F|  |TAMS 0x0000000082000000, 0x0000000082000000| Untracked 
|  33|0x0000000082100000, 0x0000000082100000, 0x0000000082200000|  0%| F|  |TAMS 0x0000000082100000, 0x0000000082100000| Untracked 
|  34|0x0000000082200000, 0x0000000082200000, 0x0000000082300000|  0%| F|  |TAMS 0x0000000082200000, 0x0000000082200000| Untracked 
|  35|0x0000000082300000, 0x0000000082300000, 0x0000000082400000|  0%| F|  |TAMS 0x0000000082300000, 0x0000000082300000| Untracked 
|  36|0x0000000082400000, 0x0000000082400000, 0x0000000082500000|  0%| F|  |TAMS 0x0000000082400000, 0x0000000082400000| Untracked 
|  37|0x0000000082500000, 0x0000000082500000, 0x0000000082600000|  0%| F|  |TAMS 0x0000000082500000, 0x0000000082500000| Untracked 
|  38|0x0000000082600000, 0x0000000082600000, 0x0000000082700000|  0%| F|  |TAMS 0x0000000082600000, 0x0000000082600000| Untracked 
|  39|0x0000000082700000, 0x0000000082700000, 0x0000000082800000|  0%| F|  |TAMS 0x0000000082700000, 0x0000000082700000| Untracked 
|  40|0x0000000082800000, 0x0000000082800000, 0x0000000082900000|  0%| F|  |TAMS 0x0000000082800000, 0x0000000082800000| Untracked 
|  41|0x0000000082900000, 0x0000000082900000, 0x0000000082a00000|  0%| F|  |TAMS 0x0000000082900000, 0x0000000082900000| Untracked 
|  42|0x0000000082a00000, 0x0000000082a00000, 0x0000000082b00000|  0%| F|  |TAMS 0x0000000082a00000, 0x0000000082a00000| Untracked 
|  43|0x0000000082b00000, 0x0000000082b00000, 0x0000000082c00000|  0%| F|  |TAMS 0x0000000082b00000, 0x0000000082b00000| Untracked 
|  44|0x0000000082c00000, 0x0000000082c00000, 0x0000000082d00000|  0%| F|  |TAMS 0x0000000082c00000, 0x0000000082c00000| Untracked 
|  45|0x0000000082d00000, 0x0000000082d00000, 0x0000000082e00000|  0%| F|  |TAMS 0x0000000082d00000, 0x0000000082d00000| Untracked 
|  46|0x0000000082e00000, 0x0000000082e00000, 0x0000000082f00000|  0%| F|  |TAMS 0x0000000082e00000, 0x0000000082e00000| Untracked 
|  47|0x0000000082f00000, 0x0000000082f00000, 0x0000000083000000|  0%| F|  |TAMS 0x0000000082f00000, 0x0000000082f00000| Untracked 
|  48|0x0000000083000000, 0x0000000083000000, 0x0000000083100000|  0%| F|  |TAMS 0x0000000083000000, 0x0000000083000000| Untracked 
|  49|0x0000000083100000, 0x0000000083100000, 0x0000000083200000|  0%| F|  |TAMS 0x0000000083100000, 0x0000000083100000| Untracked 
|  50|0x0000000083200000, 0x0000000083200000, 0x0000000083300000|  0%| F|  |TAMS 0x0000000083200000, 0x0000000083200000| Untracked 
|  51|0x0000000083300000, 0x0000000083300000, 0x0000000083400000|  0%| F|  |TAMS 0x0000000083300000, 0x0000000083300000| Untracked 
|  52|0x0000000083400000, 0x0000000083400000, 0x0000000083500000|  0%| F|  |TAMS 0x0000000083400000, 0x0000000083400000| Untracked 
|  53|0x0000000083500000, 0x0000000083500000, 0x0000000083600000|  0%| F|  |TAMS 0x0000000083500000, 0x0000000083500000| Untracked 
|  54|0x0000000083600000, 0x0000000083600000, 0x0000000083700000|  0%| F|  |TAMS 0x0000000083600000, 0x0000000083600000| Untracked 
|  55|0x0000000083700000, 0x0000000083700000, 0x0000000083800000|  0%| F|  |TAMS 0x0000000083700000, 0x0000000083700000| Untracked 
|  56|0x0000000083800000, 0x0000000083900000, 0x0000000083900000|100%| S|CS|TAMS 0x0000000083800000, 0x0000000083800000| Complete 
|  57|0x0000000083900000, 0x0000000083a00000, 0x0000000083a00000|100%| S|CS|TAMS 0x0000000083900000, 0x0000000083900000| Complete 
|  58|0x0000000083a00000, 0x0000000083b00000, 0x0000000083b00000|100%| S|CS|TAMS 0x0000000083a00000, 0x0000000083a00000| Complete 
|  59|0x0000000083b00000, 0x0000000083c00000, 0x0000000083c00000|100%| S|CS|TAMS 0x0000000083b00000, 0x0000000083b00000| Complete 
|  60|0x0000000083c00000, 0x0000000083d00000, 0x0000000083d00000|100%| S|CS|TAMS 0x0000000083c00000, 0x0000000083c00000| Complete 
|  61|0x0000000083d00000, 0x0000000083e00000, 0x0000000083e00000|100%| S|CS|TAMS 0x0000000083d00000, 0x0000000083d00000| Complete 
|  62|0x0000000083e00000, 0x0000000083f00000, 0x0000000083f00000|100%| S|CS|TAMS 0x0000000083e00000, 0x0000000083e00000| Complete 
|  63|0x0000000083f00000, 0x0000000084000000, 0x0000000084000000|100%| S|CS|TAMS 0x0000000083f00000, 0x0000000083f00000| Complete 
|  64|0x0000000084000000, 0x0000000084000000, 0x0000000084100000|  0%| F|  |TAMS 0x0000000084000000, 0x0000000084000000| Untracked 
|  65|0x0000000084100000, 0x0000000084100000, 0x0000000084200000|  0%| F|  |TAMS 0x0000000084100000, 0x0000000084100000| Untracked 
|  66|0x0000000084200000, 0x0000000084200000, 0x0000000084300000|  0%| F|  |TAMS 0x0000000084200000, 0x0000000084200000| Untracked 
|  67|0x0000000084300000, 0x0000000084300000, 0x0000000084400000|  0%| F|  |TAMS 0x0000000084300000, 0x0000000084300000| Untracked 
|  68|0x0000000084400000, 0x0000000084400000, 0x0000000084500000|  0%| F|  |TAMS 0x0000000084400000, 0x0000000084400000| Untracked 
|  69|0x0000000084500000, 0x0000000084500000, 0x0000000084600000|  0%| F|  |TAMS 0x0000000084500000, 0x0000000084500000| Untracked 
|  70|0x0000000084600000, 0x0000000084600000, 0x0000000084700000|  0%| F|  |TAMS 0x0000000084600000, 0x0000000084600000| Untracked 
|  71|0x0000000084700000, 0x0000000084700000, 0x0000000084800000|  0%| F|  |TAMS 0x0000000084700000, 0x0000000084700000| Untracked 
|  72|0x0000000084800000, 0x0000000084800000, 0x0000000084900000|  0%| F|  |TAMS 0x0000000084800000, 0x0000000084800000| Untracked 
|  73|0x0000000084900000, 0x0000000084900000, 0x0000000084a00000|  0%| F|  |TAMS 0x0000000084900000, 0x0000000084900000| Untracked 
|  74|0x0000000084a00000, 0x0000000084a00000, 0x0000000084b00000|  0%| F|  |TAMS 0x0000000084a00000, 0x0000000084a00000| Untracked 
|  75|0x0000000084b00000, 0x0000000084b00000, 0x0000000084c00000|  0%| F|  |TAMS 0x0000000084b00000, 0x0000000084b00000| Untracked 
|  76|0x0000000084c00000, 0x0000000084c00000, 0x0000000084d00000|  0%| F|  |TAMS 0x0000000084c00000, 0x0000000084c00000| Untracked 
|  77|0x0000000084d00000, 0x0000000084d00000, 0x0000000084e00000|  0%| F|  |TAMS 0x0000000084d00000, 0x0000000084d00000| Untracked 
|  78|0x0000000084e00000, 0x0000000084e00000, 0x0000000084f00000|  0%| F|  |TAMS 0x0000000084e00000, 0x0000000084e00000| Untracked 
|  79|0x0000000084f00000, 0x0000000084f00000, 0x0000000085000000|  0%| F|  |TAMS 0x0000000084f00000, 0x0000000084f00000| Untracked 
|  80|0x0000000085000000, 0x0000000085000000, 0x0000000085100000|  0%| F|  |TAMS 0x0000000085000000, 0x0000000085000000| Untracked 
|  81|0x0000000085100000, 0x0000000085100000, 0x0000000085200000|  0%| F|  |TAMS 0x0000000085100000, 0x0000000085100000| Untracked 
|  82|0x0000000085200000, 0x0000000085200000, 0x0000000085300000|  0%| F|  |TAMS 0x0000000085200000, 0x0000000085200000| Untracked 
|  83|0x0000000085300000, 0x0000000085300000, 0x0000000085400000|  0%| F|  |TAMS 0x0000000085300000, 0x0000000085300000| Untracked 
|  84|0x0000000085400000, 0x0000000085400000, 0x0000000085500000|  0%| F|  |TAMS 0x0000000085400000, 0x0000000085400000| Untracked 
|  85|0x0000000085500000, 0x0000000085500000, 0x0000000085600000|  0%| F|  |TAMS 0x0000000085500000, 0x0000000085500000| Untracked 
|  86|0x0000000085600000, 0x0000000085600000, 0x0000000085700000|  0%| F|  |TAMS 0x0000000085600000, 0x0000000085600000| Untracked 
|  87|0x0000000085700000, 0x0000000085700000, 0x0000000085800000|  0%| F|  |TAMS 0x0000000085700000, 0x0000000085700000| Untracked 
|  88|0x0000000085800000, 0x0000000085800000, 0x0000000085900000|  0%| F|  |TAMS 0x0000000085800000, 0x0000000085800000| Untracked 
|  89|0x0000000085900000, 0x0000000085900000, 0x0000000085a00000|  0%| F|  |TAMS 0x0000000085900000, 0x0000000085900000| Untracked 
|  90|0x0000000085a00000, 0x0000000085a00000, 0x0000000085b00000|  0%| F|  |TAMS 0x0000000085a00000, 0x0000000085a00000| Untracked 
|  91|0x0000000085b00000, 0x0000000085b00000, 0x0000000085c00000|  0%| F|  |TAMS 0x0000000085b00000, 0x0000000085b00000| Untracked 
|  92|0x0000000085c00000, 0x0000000085c00000, 0x0000000085d00000|  0%| F|  |TAMS 0x0000000085c00000, 0x0000000085c00000| Untracked 
|  93|0x0000000085d00000, 0x0000000085d00000, 0x0000000085e00000|  0%| F|  |TAMS 0x0000000085d00000, 0x0000000085d00000| Untracked 
|  94|0x0000000085e00000, 0x0000000085e00000, 0x0000000085f00000|  0%| F|  |TAMS 0x0000000085e00000, 0x0000000085e00000| Untracked 
|  95|0x0000000085f00000, 0x0000000085f00000, 0x0000000086000000|  0%| F|  |TAMS 0x0000000085f00000, 0x0000000085f00000| Untracked 
|  96|0x0000000086000000, 0x0000000086000000, 0x0000000086100000|  0%| F|  |TAMS 0x0000000086000000, 0x0000000086000000| Untracked 
|  97|0x0000000086100000, 0x0000000086100000, 0x0000000086200000|  0%| F|  |TAMS 0x0000000086100000, 0x0000000086100000| Untracked 
|  98|0x0000000086200000, 0x0000000086200000, 0x0000000086300000|  0%| F|  |TAMS 0x0000000086200000, 0x0000000086200000| Untracked 
|  99|0x0000000086300000, 0x0000000086300000, 0x0000000086400000|  0%| F|  |TAMS 0x0000000086300000, 0x0000000086300000| Untracked 
| 100|0x0000000086400000, 0x0000000086400000, 0x0000000086500000|  0%| F|  |TAMS 0x0000000086400000, 0x0000000086400000| Untracked 
| 101|0x0000000086500000, 0x0000000086500000, 0x0000000086600000|  0%| F|  |TAMS 0x0000000086500000, 0x0000000086500000| Untracked 
| 102|0x0000000086600000, 0x0000000086600000, 0x0000000086700000|  0%| F|  |TAMS 0x0000000086600000, 0x0000000086600000| Untracked 
| 103|0x0000000086700000, 0x0000000086700000, 0x0000000086800000|  0%| F|  |TAMS 0x0000000086700000, 0x0000000086700000| Untracked 
| 104|0x0000000086800000, 0x0000000086800000, 0x0000000086900000|  0%| F|  |TAMS 0x0000000086800000, 0x0000000086800000| Untracked 
| 105|0x0000000086900000, 0x0000000086900000, 0x0000000086a00000|  0%| F|  |TAMS 0x0000000086900000, 0x0000000086900000| Untracked 
| 106|0x0000000086a00000, 0x0000000086a00000, 0x0000000086b00000|  0%| F|  |TAMS 0x0000000086a00000, 0x0000000086a00000| Untracked 
| 107|0x0000000086b00000, 0x0000000086b00000, 0x0000000086c00000|  0%| F|  |TAMS 0x0000000086b00000, 0x0000000086b00000| Untracked 
| 108|0x0000000086c00000, 0x0000000086c00000, 0x0000000086d00000|  0%| F|  |TAMS 0x0000000086c00000, 0x0000000086c00000| Untracked 
| 109|0x0000000086d00000, 0x0000000086d00000, 0x0000000086e00000|  0%| F|  |TAMS 0x0000000086d00000, 0x0000000086d00000| Untracked 
| 110|0x0000000086e00000, 0x0000000086e00000, 0x0000000086f00000|  0%| F|  |TAMS 0x0000000086e00000, 0x0000000086e00000| Untracked 
| 111|0x0000000086f00000, 0x0000000086f00000, 0x0000000087000000|  0%| F|  |TAMS 0x0000000086f00000, 0x0000000086f00000| Untracked 
| 112|0x0000000087000000, 0x00000000870ac580, 0x0000000087100000| 67%| E|  |TAMS 0x0000000087000000, 0x0000000087000000| Complete 
| 113|0x0000000087100000, 0x0000000087200000, 0x0000000087200000|100%| E|CS|TAMS 0x0000000087100000, 0x0000000087100000| Complete 
| 114|0x0000000087200000, 0x0000000087300000, 0x0000000087300000|100%| E|CS|TAMS 0x0000000087200000, 0x0000000087200000| Complete 
| 115|0x0000000087300000, 0x0000000087400000, 0x0000000087400000|100%| E|CS|TAMS 0x0000000087300000, 0x0000000087300000| Complete 
| 116|0x0000000087400000, 0x0000000087500000, 0x0000000087500000|100%| E|CS|TAMS 0x0000000087400000, 0x0000000087400000| Complete 
| 117|0x0000000087500000, 0x0000000087600000, 0x0000000087600000|100%| E|CS|TAMS 0x0000000087500000, 0x0000000087500000| Complete 
| 118|0x0000000087600000, 0x0000000087700000, 0x0000000087700000|100%| E|CS|TAMS 0x0000000087600000, 0x0000000087600000| Complete 
| 119|0x0000000087700000, 0x0000000087800000, 0x0000000087800000|100%| E|CS|TAMS 0x0000000087700000, 0x0000000087700000| Complete 
| 120|0x0000000087800000, 0x0000000087900000, 0x0000000087900000|100%| E|CS|TAMS 0x0000000087800000, 0x0000000087800000| Complete 
| 121|0x0000000087900000, 0x0000000087a00000, 0x0000000087a00000|100%| E|CS|TAMS 0x0000000087900000, 0x0000000087900000| Complete 
| 122|0x0000000087a00000, 0x0000000087b00000, 0x0000000087b00000|100%| E|CS|TAMS 0x0000000087a00000, 0x0000000087a00000| Complete 
| 123|0x0000000087b00000, 0x0000000087c00000, 0x0000000087c00000|100%| E|CS|TAMS 0x0000000087b00000, 0x0000000087b00000| Complete 
| 124|0x0000000087c00000, 0x0000000087d00000, 0x0000000087d00000|100%| E|CS|TAMS 0x0000000087c00000, 0x0000000087c00000| Complete 
| 125|0x0000000087d00000, 0x0000000087e00000, 0x0000000087e00000|100%| E|CS|TAMS 0x0000000087d00000, 0x0000000087d00000| Complete 
| 126|0x0000000087e00000, 0x0000000087f00000, 0x0000000087f00000|100%| E|CS|TAMS 0x0000000087e00000, 0x0000000087e00000| Complete 
| 127|0x0000000087f00000, 0x0000000088000000, 0x0000000088000000|100%| E|CS|TAMS 0x0000000087f00000, 0x0000000087f00000| Complete 

Card table byte_map: [0x0000024838630000,0x0000024838a30000] _byte_map_base: 0x0000024838230000

Marking Bits (Prev, Next): (CMBitMap*) 0x000002481ed03070, (CMBitMap*) 0x000002481ed03038
 Prev Bits: [0x000002483ae30000, 0x000002483ce30000)
 Next Bits: [0x0000024838e30000, 0x000002483ae30000)

Polling page: 0x000002481eb60000

Metaspace:

Usage:
  Non-class:     36.47 MB capacity,    35.75 MB ( 98%) used,   625.43 KB (  2%) free+waste,   109.50 KB ( <1%) overhead. 
      Class:      5.50 MB capacity,     5.11 MB ( 93%) used,   352.23 KB (  6%) free+waste,    52.94 KB ( <1%) overhead. 
       Both:     41.98 MB capacity,    40.86 MB ( 97%) used,   977.66 KB (  2%) free+waste,   162.44 KB ( <1%) overhead. 

Virtual space:
  Non-class space:       38.00 MB reserved,      36.58 MB ( 96%) committed 
      Class space:      504.00 MB reserved,       5.63 MB (  1%) committed 
             Both:      542.00 MB reserved,      42.20 MB (  8%) committed 

Chunk freelists:
   Non-Class:  45.00 KB
       Class:  0 bytes
        Both:  45.00 KB

MaxMetaspaceSize: 512.00 MB
CompressedClassSpaceSize: 504.00 MB
Initial GC threshold: 20.80 MB
Current GC threshold: 68.67 MB
CDS: off

CodeHeap 'non-profiled nmethods': size=120064Kb used=2304Kb max_used=2304Kb free=117759Kb
 bounds [0x00000248306d0000, 0x0000024830940000, 0x0000024837c10000]
CodeHeap 'profiled nmethods': size=120000Kb used=8573Kb max_used=8573Kb free=111426Kb
 bounds [0x00000248291a0000, 0x0000024829a00000, 0x00000248306d0000]
CodeHeap 'non-nmethods': size=5696Kb used=2274Kb max_used=2303Kb free=3421Kb
 bounds [0x0000024828c10000, 0x0000024828e80000, 0x00000248291a0000]
 total_blobs=4803 nmethods=4034 adapters=681
 compilation: enabled
              stopped_count=0, restarted_count=0
 full_count=0

Compilation events (20 events):
Event: 79.214 Thread 0x000002483fe37000 nmethod 4028 0x000002483090e590 code [0x000002483090e740, 0x000002483090e7f8]
Event: 79.215 Thread 0x000002483fdd0800 4029       4       java.util.regex.Matcher::find (69 bytes)
Event: 79.219 Thread 0x000002483fe37000 4030       1       java.lang.StackTraceElement::getClassName (5 bytes)
Event: 79.219 Thread 0x000002483fe37000 nmethod 4030 0x000002483090e890 code [0x000002483090ea40, 0x000002483090eaf8]
Event: 79.230 Thread 0x000002483fdd0800 nmethod 4029 0x000002483090eb90 code [0x000002483090eda0, 0x000002483090f4d8]
Event: 79.231 Thread 0x000002483fe37000 4031       3       org.codehaus.groovy.runtime.StackTraceUtils::isApplicationClass (84 bytes)
Event: 79.232 Thread 0x000002483fe37000 nmethod 4031 0x00000248299fc610 code [0x00000248299fc860, 0x00000248299fd138]
Event: 79.238 Thread 0x000002483fe37000 4032       1       org.gradle.cache.internal.filelock.LockOptionsBuilder::getMode (5 bytes)
Event: 79.238 Thread 0x000002483fe37000 nmethod 4032 0x000002483090fa90 code [0x000002483090fc40, 0x000002483090fcf8]
Event: 79.282 Thread 0x000002483fdd0800 4033       4       org.gradle.internal.logging.text.AbstractLineChoppingStyledTextOutput$StateContext::hasChar (25 bytes)
Event: 79.283 Thread 0x000002483fdd0800 nmethod 4033 0x000002483090fd90 code [0x000002483090ff20, 0x000002483090ffb8]
Event: 79.428 Thread 0x000002483fe37000 4034       3       org.gradle.internal.event.BroadcastDispatch$SingletonDispatch::dispatch (9 bytes)
Event: 79.428 Thread 0x000002483fe37000 nmethod 4034 0x00000248299fd490 code [0x00000248299fd660, 0x00000248299fd968]
Event: 79.428 Thread 0x000002483fdd0800 4035       4       org.gradle.internal.logging.text.AbstractLineChoppingStyledTextOutput::doAppend (43 bytes)
Event: 79.428 Thread 0x000002483fe37000 4036       3       org.gradle.internal.logging.text.AbstractStyledTextOutput::style (20 bytes)
Event: 79.429 Thread 0x000002483fe37000 nmethod 4036 0x00000248299fda90 code [0x00000248299fdc60, 0x00000248299fdec8]
Event: 79.432 Thread 0x000002483fe37000 4038       2       org.gradle.internal.logging.text.AbstractLineChoppingStyledTextOutput::access$402 (7 bytes)
Event: 79.432 Thread 0x000002483fe37000 nmethod 4038 0x00000248299fdf90 code [0x00000248299fe140, 0x00000248299fe278]
Event: 79.440 Thread 0x000002483fe37000 4040       3       com.esotericsoftware.kryo.io.Output::require (209 bytes)
Event: 79.441 Thread 0x000002483fe37000 nmethod 4040 0x00000248299fe390 code [0x00000248299fe680, 0x00000248299ff098]

GC Heap History (14 events):
Event: 4.413 GC heap before
{Heap before GC invocations=0 (full 0):
 garbage-first heap   total 131072K, used 13312K [0x0000000080000000, 0x0000000100000000)
  region size 1024K, 14 young (14336K), 0 survivors (0K)
 Metaspace       used 6798K, capacity 7001K, committed 7168K, reserved 524288K
  class space    used 574K, capacity 650K, committed 768K, reserved 516096K
}
Event: 5.907 GC heap after
{Heap after GC invocations=1 (full 0):
 garbage-first heap   total 131072K, used 4287K [0x0000000080000000, 0x0000000100000000)
  region size 1024K, 2 young (2048K), 2 survivors (2048K)
 Metaspace       used 6798K, capacity 7001K, committed 7168K, reserved 524288K
  class space    used 574K, capacity 650K, committed 768K, reserved 516096K
}
Event: 24.195 GC heap before
{Heap before GC invocations=1 (full 0):
 garbage-first heap   total 131072K, used 84159K [0x0000000080000000, 0x0000000100000000)
  region size 1024K, 76 young (77824K), 2 survivors (2048K)
 Metaspace       used 17644K, capacity 17995K, committed 18304K, reserved 532480K
  class space    used 1976K, capacity 2104K, committed 2176K, reserved 516096K
}
Event: 24.556 GC heap after
{Heap after GC invocations=2 (full 0):
 garbage-first heap   total 131072K, used 17240K [0x0000000080000000, 0x0000000100000000)
  region size 1024K, 10 young (10240K), 10 survivors (10240K)
 Metaspace       used 17644K, capacity 17995K, committed 18304K, reserved 532480K
  class space    used 1976K, capacity 2104K, committed 2176K, reserved 516096K
}
Event: 26.048 GC heap before
{Heap before GC invocations=2 (full 0):
 garbage-first heap   total 131072K, used 39768K [0x0000000080000000, 0x0000000100000000)
  region size 1024K, 33 young (33792K), 10 survivors (10240K)
 Metaspace       used 20772K, capacity 21140K, committed 21296K, reserved 536576K
  class space    used 2439K, capacity 2607K, committed 2688K, reserved 516096K
}
Event: 26.057 GC heap after
{Heap after GC invocations=3 (full 0):
 garbage-first heap   total 131072K, used 18929K [0x0000000080000000, 0x0000000100000000)
  region size 1024K, 2 young (2048K), 2 survivors (2048K)
 Metaspace       used 20772K, capacity 21140K, committed 21296K, reserved 536576K
  class space    used 2439K, capacity 2607K, committed 2688K, reserved 516096K
}
Event: 32.894 GC heap before
{Heap before GC invocations=4 (full 0):
 garbage-first heap   total 131072K, used 61937K [0x0000000080000000, 0x0000000100000000)
  region size 1024K, 44 young (45056K), 2 survivors (2048K)
 Metaspace       used 24967K, capacity 25624K, committed 25776K, reserved 538624K
  class space    used 3095K, capacity 3317K, committed 3328K, reserved 516096K
}
Event: 32.898 GC heap after
{Heap after GC invocations=5 (full 0):
 garbage-first heap   total 131072K, used 20385K [0x0000000080000000, 0x0000000100000000)
  region size 1024K, 3 young (3072K), 3 survivors (3072K)
 Metaspace       used 24967K, capacity 25624K, committed 25776K, reserved 538624K
  class space    used 3095K, capacity 3317K, committed 3328K, reserved 516096K
}
Event: 41.898 GC heap before
{Heap before GC invocations=5 (full 0):
 garbage-first heap   total 131072K, used 75681K [0x0000000080000000, 0x0000000100000000)
  region size 1024K, 57 young (58368K), 3 survivors (3072K)
 Metaspace       used 30111K, capacity 30866K, committed 31024K, reserved 544768K
  class space    used 3895K, capacity 4177K, committed 4224K, reserved 516096K
}
Event: 41.904 GC heap after
{Heap after GC invocations=6 (full 0):
 garbage-first heap   total 131072K, used 22256K [0x0000000080000000, 0x0000000100000000)
  region size 1024K, 5 young (5120K), 5 survivors (5120K)
 Metaspace       used 30111K, capacity 30866K, committed 31024K, reserved 544768K
  class space    used 3895K, capacity 4177K, committed 4224K, reserved 516096K
}
Event: 49.105 GC heap before
{Heap before GC invocations=6 (full 0):
 garbage-first heap   total 131072K, used 52976K [0x0000000080000000, 0x0000000100000000)
  region size 1024K, 36 young (36864K), 5 survivors (5120K)
 Metaspace       used 34885K, capacity 35776K, committed 35920K, reserved 548864K
  class space    used 4444K, capacity 4813K, committed 4864K, reserved 516096K
}
Event: 49.113 GC heap after
{Heap after GC invocations=7 (full 0):
 garbage-first heap   total 131072K, used 24422K [0x0000000080000000, 0x0000000100000000)
  region size 1024K, 6 young (6144K), 6 survivors (6144K)
 Metaspace       used 34885K, capacity 35776K, committed 35920K, reserved 548864K
  class space    used 4444K, capacity 4813K, committed 4864K, reserved 516096K
}
Event: 75.141 GC heap before
{Heap before GC invocations=8 (full 0):
 garbage-first heap   total 131072K, used 86886K [0x0000000080000000, 0x0000000100000000)
  region size 1024K, 64 young (65536K), 6 survivors (6144K)
 Metaspace       used 41016K, capacity 42006K, committed 42192K, reserved 552960K
  class space    used 5118K, capacity 5498K, committed 5504K, reserved 516096K
}
Event: 75.191 GC heap after
{Heap after GC invocations=9 (full 0):
 garbage-first heap   total 131072K, used 29144K [0x0000000080000000, 0x0000000100000000)
  region size 1024K, 8 young (8192K), 8 survivors (8192K)
 Metaspace       used 41016K, capacity 42006K, committed 42192K, reserved 552960K
  class space    used 5118K, capacity 5498K, committed 5504K, reserved 516096K
}

Deoptimization events (20 events):
Event: 79.147 Thread 0x0000024841c9d800 Uncommon trap: trap_request=0xffffffde fr.pc=0x000002483089c028 relative=0x0000000000000428
Event: 79.147 Thread 0x0000024841c9d800 Uncommon trap: reason=class_check action=maybe_recompile pc=0x000002483089c028 method=java.util.regex.Pattern$Start.match(Ljava/util/regex/Matcher;ILjava/lang/CharSequence;)Z @ 44 c2
Event: 79.147 Thread 0x0000024841c9d800 DEOPT PACKING pc=0x000002483089c028 sp=0x0000006140af5d70
Event: 79.147 Thread 0x0000024841c9d800 DEOPT UNPACKING pc=0x0000024828c5a1af sp=0x0000006140af5cb0 mode 2
Event: 79.147 Thread 0x0000024841c9d800 Uncommon trap: trap_request=0xffffffde fr.pc=0x000002483089cbc4 relative=0x00000000000002e4
Event: 79.147 Thread 0x0000024841c9d800 Uncommon trap: reason=class_check action=maybe_recompile pc=0x000002483089cbc4 method=java.util.regex.Pattern$Start.match(Ljava/util/regex/Matcher;ILjava/lang/CharSequence;)Z @ 44 c2
Event: 79.147 Thread 0x0000024841c9d800 DEOPT PACKING pc=0x000002483089cbc4 sp=0x0000006140af5cf0
Event: 79.147 Thread 0x0000024841c9d800 DEOPT UNPACKING pc=0x0000024828c5a1af sp=0x0000006140af5cb0 mode 2
Event: 79.197 Thread 0x0000024841c9d800 Uncommon trap: trap_request=0xffffffc6 fr.pc=0x00000248308332d0 relative=0x00000000000008f0
Event: 79.197 Thread 0x0000024841c9d800 Uncommon trap: reason=bimorphic_or_optimized_type_check action=maybe_recompile pc=0x00000248308332d0 method=java.lang.Throwable.<init>(Ljava/lang/String;Ljava/lang/Throwable;)V @ 24 c2
Event: 79.197 Thread 0x0000024841c9d800 DEOPT PACKING pc=0x00000248308332d0 sp=0x0000006140af9640
Event: 79.197 Thread 0x0000024841c9d800 DEOPT UNPACKING pc=0x0000024828c5a1af sp=0x0000006140af9608 mode 2
Event: 79.197 Thread 0x0000024841c9d800 Uncommon trap: trap_request=0xffffffc6 fr.pc=0x00000248308332d0 relative=0x00000000000008f0
Event: 79.197 Thread 0x0000024841c9d800 Uncommon trap: reason=bimorphic_or_optimized_type_check action=maybe_recompile pc=0x00000248308332d0 method=java.lang.Throwable.<init>(Ljava/lang/String;Ljava/lang/Throwable;)V @ 24 c2
Event: 79.197 Thread 0x0000024841c9d800 DEOPT PACKING pc=0x00000248308332d0 sp=0x0000006140afa3b0
Event: 79.197 Thread 0x0000024841c9d800 DEOPT UNPACKING pc=0x0000024828c5a1af sp=0x0000006140afa378 mode 2
Event: 79.215 Thread 0x0000024841c9d800 Uncommon trap: trap_request=0xffffff4d fr.pc=0x000002483090c388 relative=0x00000000000006e8
Event: 79.215 Thread 0x0000024841c9d800 Uncommon trap: reason=unstable_if action=reinterpret pc=0x000002483090c388 method=java.util.regex.Matcher.search(I)Z @ 76 c2
Event: 79.215 Thread 0x0000024841c9d800 DEOPT PACKING pc=0x000002483090c388 sp=0x0000006140afbd10
Event: 79.215 Thread 0x0000024841c9d800 DEOPT UNPACKING pc=0x0000024828c5a1af sp=0x0000006140afbd00 mode 2

Classes redefined (0 events):
No events

Internal exceptions (20 events):
Event: 75.645 Thread 0x0000024841c9d800 Exception <a 'java/lang/ClassNotFoundException'{0x00000000878cb260}: java/io/ReaderBeanInfo> (0x00000000878cb260) thrown at [s\src\hotspot\share\classfile\systemDictionary.cpp, line 230]
Event: 75.645 Thread 0x0000024841c9d800 Exception <a 'java/lang/ClassNotFoundException'{0x00000000878d0be0}: java/io/ReaderCustomizer> (0x00000000878d0be0) thrown at [s\src\hotspot\share\classfile\systemDictionary.cpp, line 230]
Event: 75.646 Thread 0x0000024841c9d800 Exception <a 'java/lang/ClassNotFoundException'{0x00000000878db998}: java/io/InputStreamReaderCustomizer> (0x00000000878db998) thrown at [s\src\hotspot\share\classfile\systemDictionary.cpp, line 230]
Event: 75.648 Thread 0x0000024841c9d800 Exception <a 'java/lang/ClassNotFoundException'{0x00000000878ff110}: java/io/BufferedReaderBeanInfo> (0x00000000878ff110) thrown at [s\src\hotspot\share\classfile\systemDictionary.cpp, line 230]
Event: 75.648 Thread 0x0000024841c9d800 Exception <a 'java/lang/ClassNotFoundException'{0x0000000087705010}: java/io/BufferedReaderCustomizer> (0x0000000087705010) thrown at [s\src\hotspot\share\classfile\systemDictionary.cpp, line 230]
Event: 75.654 Thread 0x0000024841c9d800 Exception <a 'java/lang/ClassNotFoundException'{0x000000008763bbb0}: java/lang/StringBufferBeanInfo> (0x000000008763bbb0) thrown at [s\src\hotspot\share\classfile\systemDictionary.cpp, line 230]
Event: 75.654 Thread 0x0000024841c9d800 Exception <a 'java/lang/ClassNotFoundException'{0x00000000876415e8}: java/lang/AbstractStringBuilderBeanInfo> (0x00000000876415e8) thrown at [s\src\hotspot\share\classfile\systemDictionary.cpp, line 230]
Event: 75.654 Thread 0x0000024841c9d800 Exception <a 'java/lang/ClassNotFoundException'{0x0000000087647038}: java/lang/AbstractStringBuilderCustomizer> (0x0000000087647038) thrown at [s\src\hotspot\share\classfile\systemDictionary.cpp, line 230]
Event: 75.660 Thread 0x0000024841c9d800 Exception <a 'java/lang/ClassNotFoundException'{0x000000008752aae0}: java/lang/StringBufferCustomizer> (0x000000008752aae0) thrown at [s\src\hotspot\share\classfile\systemDictionary.cpp, line 230]
Event: 79.146 Thread 0x0000024841c9d800 Exception <a 'java/lang/ClassNotFoundException'{0x0000000087479d40}: java/lang/StringBeanInfo> (0x0000000087479d40) thrown at [s\src\hotspot\share\classfile\systemDictionary.cpp, line 230]
Event: 79.146 Thread 0x0000024841c9d800 Exception <a 'java/lang/ClassNotFoundException'{0x000000008747f6f8}: java/lang/StringCustomizer> (0x000000008747f6f8) thrown at [s\src\hotspot\share\classfile\systemDictionary.cpp, line 230]
Event: 79.153 Thread 0x0000024841c9d800 Exception <a 'java/lang/ClassNotFoundException'{0x0000000087304518}: org/gradle/internal/logging/slf4j/OutputEventListenerBackedLoggerBeanInfo> (0x0000000087304518) thrown at [s\src\hotspot\share\classfile\systemDictionary.cpp, line 230]
Event: 79.153 Thread 0x0000024841c9d800 Exception <a 'java/lang/ClassNotFoundException'{0x000000008732fbc8}: org/gradle/internal/logging/slf4j/BuildOperationAwareLoggerBeanInfo> (0x000000008732fbc8) thrown at [s\src\hotspot\share\classfile\systemDictionary.cpp, line 230]
Event: 79.154 Thread 0x0000024841c9d800 Exception <a 'java/lang/ClassNotFoundException'{0x000000008735b398}: org/gradle/internal/logging/slf4j/BuildOperationAwareLoggerCustomizer> (0x000000008735b398) thrown at [s\src\hotspot\share\classfile\systemDictionary.cpp, line 230]
Event: 79.156 Thread 0x0000024841c9d800 Exception <a 'java/lang/ClassNotFoundException'{0x00000000873b9d00}: org/gradle/internal/logging/slf4j/OutputEventListenerBackedLoggerCustomizer> (0x00000000873b9d00) thrown at [s\src\hotspot\share\classfile\systemDictionary.cpp, line 230]
Event: 79.194 Thread 0x0000024841c9d800 Exception <a 'java/lang/ClassNotFoundException'{0x00000000871077a0}: java/lang/ExceptionBeanInfo> (0x00000000871077a0) thrown at [s\src\hotspot\share\classfile\systemDictionary.cpp, line 230]
Event: 79.194 Thread 0x0000024841c9d800 Exception <a 'java/lang/ClassNotFoundException'{0x000000008710d190}: java/lang/ThrowableBeanInfo> (0x000000008710d190) thrown at [s\src\hotspot\share\classfile\systemDictionary.cpp, line 230]
Event: 79.195 Thread 0x0000024841c9d800 Exception <a 'java/lang/ClassNotFoundException'{0x0000000087112b50}: java/lang/ThrowableCustomizer> (0x0000000087112b50) thrown at [s\src\hotspot\share\classfile\systemDictionary.cpp, line 230]
Event: 79.195 Thread 0x0000024841c9d800 Exception <a 'java/lang/ClassNotFoundException'{0x0000000087120ab0}: java/lang/ExceptionCustomizer> (0x0000000087120ab0) thrown at [s\src\hotspot\share\classfile\systemDictionary.cpp, line 230]
Event: 79.196 Thread 0x0000024841c9d800 Exception <a 'java/lang/reflect/InvocationTargetException'{0x0000000087129bd8}> (0x0000000087129bd8) thrown at [s\src\hotspot\share\runtime\reflection.cpp, line 1245]

Events (20 events):
Event: 79.414 loading class org/apache/commons/lang/text/StrBuilder
Event: 79.414 loading class org/apache/commons/lang/text/StrBuilder done
Event: 79.418 loading class org/apache/commons/lang/text/StrBuilder$StrBuilderReader
Event: 79.418 loading class org/apache/commons/lang/text/StrBuilder$StrBuilderReader done
Event: 79.418 loading class org/apache/commons/lang/text/StrTokenizer
Event: 79.418 loading class org/apache/commons/lang/text/StrTokenizer done
Event: 79.419 loading class org/apache/commons/lang/text/StrBuilder$StrBuilderTokenizer
Event: 79.419 loading class org/apache/commons/lang/text/StrBuilder$StrBuilderTokenizer done
Event: 79.419 loading class java/lang/StringIndexOutOfBoundsException
Event: 79.420 loading class java/lang/StringIndexOutOfBoundsException done
Event: 79.421 loading class org/apache/commons/lang/text/StrBuilder$StrBuilderWriter
Event: 79.421 loading class org/apache/commons/lang/text/StrBuilder$StrBuilderWriter done
Event: 79.422 loading class org/gradle/internal/logging/events/StyledTextOutputEvent$Span
Event: 79.422 loading class org/gradle/internal/logging/events/StyledTextOutputEvent$Span done
Event: 79.423 loading class org/gradle/internal/logging/events/operations/StyledTextBuildOperationProgressDetails$Span
Event: 79.423 loading class org/gradle/internal/logging/events/operations/StyledTextBuildOperationProgressDetails$Span done
Event: 79.423 loading class org/gradle/internal/operations/logging/StyledTextBuildOperationProgressDetails$Span
Event: 79.423 loading class org/gradle/internal/operations/logging/StyledTextBuildOperationProgressDetails$Span done
Event: 79.433 loading class org/gradle/internal/time/TimeFormatting
Event: 79.433 loading class org/gradle/internal/time/TimeFormatting done


Dynamic libraries:
0x00007ff770460000 - 0x00007ff77046d000 	C:\Program Files\Microsoft\jdk-11.0.20.8-hotspot\bin\java.exe
0x00007ff971910000 - 0x00007ff971b08000 	C:\WINDOWS\SYSTEM32\ntdll.dll
0x00007ff96fc00000 - 0x00007ff96fcbf000 	C:\WINDOWS\System32\KERNEL32.DLL
0x00007ff96f510000 - 0x00007ff96f806000 	C:\WINDOWS\System32\KERNELBASE.dll
0x00007ff96eff0000 - 0x00007ff96f0f0000 	C:\WINDOWS\System32\ucrtbase.dll
0x00007ff961f00000 - 0x00007ff961f17000 	C:\Program Files\Microsoft\jdk-11.0.20.8-hotspot\bin\jli.dll
0x00007ff96fa60000 - 0x00007ff96fbfd000 	C:\WINDOWS\System32\USER32.dll
0x00007ff96f8a0000 - 0x00007ff96f8c2000 	C:\WINDOWS\System32\win32u.dll
0x00007ff9705c0000 - 0x00007ff9705ec000 	C:\WINDOWS\System32\GDI32.dll
0x00007ff96f1e0000 - 0x00007ff96f2f5000 	C:\WINDOWS\System32\gdi32full.dll
0x00007ff96f8d0000 - 0x00007ff96f96d000 	C:\WINDOWS\System32\msvcp_win.dll
0x00007ff961ee0000 - 0x00007ff961ef5000 	C:\Program Files\Microsoft\jdk-11.0.20.8-hotspot\bin\VCRUNTIME140.dll
0x00007ff955af0000 - 0x00007ff955d8a000 	C:\WINDOWS\WinSxS\amd64_microsoft.windows.common-controls_6595b64144ccf1df_6.0.19041.1110_none_60b5254171f9507e\COMCTL32.dll
0x00007ff970720000 - 0x00007ff9707be000 	C:\WINDOWS\System32\msvcrt.dll
0x00007ff9709e0000 - 0x00007ff970a10000 	C:\WINDOWS\System32\IMM32.DLL
0x00007ff930f00000 - 0x00007ff930f9b000 	C:\Program Files\Microsoft\jdk-11.0.20.8-hotspot\bin\msvcp140.dll
0x00007ff90c120000 - 0x00007ff90ccb6000 	C:\Program Files\Microsoft\jdk-11.0.20.8-hotspot\bin\server\jvm.dll
0x00007ff971670000 - 0x00007ff97171f000 	C:\WINDOWS\System32\ADVAPI32.dll
0x00007ff971780000 - 0x00007ff97181c000 	C:\WINDOWS\System32\sechost.dll
0x00007ff9712c0000 - 0x00007ff9713e6000 	C:\WINDOWS\System32\RPCRT4.dll
0x00007ff96fa50000 - 0x00007ff96fa58000 	C:\WINDOWS\System32\PSAPI.DLL
0x00007ff8e08e0000 - 0x00007ff8e08e9000 	C:\WINDOWS\SYSTEM32\WSOCK32.dll
0x00007ff971510000 - 0x00007ff97157b000 	C:\WINDOWS\System32\WS2_32.dll
0x00007ff95f530000 - 0x00007ff95f557000 	C:\WINDOWS\SYSTEM32\WINMM.dll
0x00007ff965fa0000 - 0x00007ff965faa000 	C:\WINDOWS\SYSTEM32\VERSION.dll
0x00007ff96d7f0000 - 0x00007ff96d802000 	C:\WINDOWS\SYSTEM32\kernel.appcore.dll
0x00007ff961ed0000 - 0x00007ff961ee0000 	C:\Program Files\Microsoft\jdk-11.0.20.8-hotspot\bin\verify.dll
0x00007ff969c90000 - 0x00007ff969e74000 	C:\WINDOWS\SYSTEM32\DBGHELP.DLL
0x00007ff94d9e0000 - 0x00007ff94da14000 	C:\WINDOWS\SYSTEM32\dbgcore.DLL
0x00007ff96f810000 - 0x00007ff96f892000 	C:\WINDOWS\System32\bcryptPrimitives.dll
0x00007ff947660000 - 0x00007ff947688000 	C:\Program Files\Microsoft\jdk-11.0.20.8-hotspot\bin\java.dll
0x00007ff961ec0000 - 0x00007ff961eca000 	C:\Program Files\Microsoft\jdk-11.0.20.8-hotspot\bin\jimage.dll
0x00007ff95ee80000 - 0x00007ff95ee98000 	C:\Program Files\Microsoft\jdk-11.0.20.8-hotspot\bin\zip.dll
0x00007ff96fcc0000 - 0x00007ff970404000 	C:\WINDOWS\System32\SHELL32.dll
0x00007ff96d040000 - 0x00007ff96d7d3000 	C:\WINDOWS\SYSTEM32\windows.storage.dll
0x00007ff970a10000 - 0x00007ff970d64000 	C:\WINDOWS\System32\combase.dll
0x00007ff96e960000 - 0x00007ff96e98e000 	C:\WINDOWS\SYSTEM32\Wldp.dll
0x00007ff970670000 - 0x00007ff97071d000 	C:\WINDOWS\System32\SHCORE.dll
0x00007ff9705f0000 - 0x00007ff970645000 	C:\WINDOWS\System32\shlwapi.dll
0x00007ff96ef30000 - 0x00007ff96ef4f000 	C:\WINDOWS\SYSTEM32\profapi.dll
0x00007ff954270000 - 0x00007ff954289000 	C:\Program Files\Microsoft\jdk-11.0.20.8-hotspot\bin\net.dll
0x00007ff960bf0000 - 0x00007ff960cfa000 	C:\WINDOWS\SYSTEM32\WINHTTP.dll
0x00007ff96e740000 - 0x00007ff96e7aa000 	C:\WINDOWS\system32\mswsock.dll
0x00007ff9466f0000 - 0x00007ff946703000 	C:\Program Files\Microsoft\jdk-11.0.20.8-hotspot\bin\nio.dll
0x00007ff943e90000 - 0x00007ff943eb7000 	C:\Users\user\.gradle\native\68d5fa5c4cc2d200863cafc0d521ce42e7d3e7ee720ec0a83991735586a16f82\windows-amd64\native-platform.dll
0x00007ff91e0a0000 - 0x00007ff91e1e4000 	C:\Users\user\.gradle\native\e376f236ea51e6404a007f0833ffe2c6e607c4080706a723a18a27aeea778392\windows-amd64\native-platform-file-events.dll
0x00007ff955070000 - 0x00007ff955079000 	C:\Program Files\Microsoft\jdk-11.0.20.8-hotspot\bin\management.dll
0x00007ff954c70000 - 0x00007ff954c7b000 	C:\Program Files\Microsoft\jdk-11.0.20.8-hotspot\bin\management_ext.dll
0x00007ff96e9a0000 - 0x00007ff96e9b8000 	C:\WINDOWS\SYSTEM32\CRYPTSP.dll
0x00007ff96e010000 - 0x00007ff96e044000 	C:\WINDOWS\system32\rsaenh.dll
0x00007ff96f160000 - 0x00007ff96f187000 	C:\WINDOWS\System32\bcrypt.dll
0x00007ff96eeb0000 - 0x00007ff96eede000 	C:\WINDOWS\SYSTEM32\USERENV.dll
0x00007ff96e8d0000 - 0x00007ff96e8dc000 	C:\WINDOWS\SYSTEM32\CRYPTBASE.dll
0x00007ff96e400000 - 0x00007ff96e43c000 	C:\WINDOWS\SYSTEM32\IPHLPAPI.DLL
0x00007ff970e40000 - 0x00007ff970e48000 	C:\WINDOWS\System32\NSI.dll
0x00007ff963de0000 - 0x00007ff963df7000 	C:\WINDOWS\SYSTEM32\dhcpcsvc6.DLL
0x00007ff963dc0000 - 0x00007ff963ddd000 	C:\WINDOWS\SYSTEM32\dhcpcsvc.DLL
0x00007ff96e450000 - 0x00007ff96e51a000 	C:\WINDOWS\SYSTEM32\DNSAPI.dll

dbghelp: loaded successfully - version: 4.0.5 - missing functions: none
symbol engine: initialized successfully - sym options: 0x614 - pdb path: .;C:\Program Files\Microsoft\jdk-11.0.20.8-hotspot\bin;C:\WINDOWS\SYSTEM32;C:\WINDOWS\WinSxS\amd64_microsoft.windows.common-controls_6595b64144ccf1df_6.0.19041.1110_none_60b5254171f9507e;C:\Program Files\Microsoft\jdk-11.0.20.8-hotspot\bin\server;C:\Users\user\.gradle\native\68d5fa5c4cc2d200863cafc0d521ce42e7d3e7ee720ec0a83991735586a16f82\windows-amd64;C:\Users\user\.gradle\native\e376f236ea51e6404a007f0833ffe2c6e607c4080706a723a18a27aeea778392\windows-amd64

VM Arguments:
jvm_args: -XX:MaxMetaspaceSize=512m --add-opens=java.base/java.util=ALL-UNNAMED --add-opens=java.base/java.lang=ALL-UNNAMED --add-opens=java.base/java.lang.invoke=ALL-UNNAMED --add-opens=java.prefs/java.util.prefs=ALL-UNNAMED --add-opens=java.base/java.nio.charset=ALL-UNNAMED --add-opens=java.base/java.net=ALL-UNNAMED --add-opens=java.base/java.util.concurrent.atomic=ALL-UNNAMED -Xmx2048m -Dfile.encoding=windows-1252 -Duser.country=US -Duser.language=en -Duser.variant 
java_command: org.gradle.launcher.daemon.bootstrap.GradleDaemon 8.0.1
java_class_path (initial): C:\Users\user\.gradle\wrapper\dists\gradle-8.0.1-bin\7rsvvmdp4bsd5fhm7a9cyrnzz\gradle-8.0.1\lib\gradle-launcher-8.0.1.jar
Launcher Type: SUN_STANDARD

[Global flags]
     intx CICompilerCount                          = 3                                         {product} {ergonomic}
   size_t CompressedClassSpaceSize                 = 528482304                                 {product} {ergonomic}
     uint ConcGCThreads                            = 1                                         {product} {ergonomic}
     uint G1ConcRefinementThreads                  = 4                                         {product} {ergonomic}
   size_t G1HeapRegionSize                         = 1048576                                   {product} {ergonomic}
    uintx GCDrainStackTargetSize                   = 64                                        {product} {ergonomic}
   size_t InitialHeapSize                          = 134217728                                 {product} {ergonomic}
   size_t MarkStackSize                            = 4194304                                   {product} {ergonomic}
   size_t MaxHeapSize                              = 2147483648                                {product} {command line}
   size_t MaxMetaspaceSize                         = 536870912                                 {product} {command line}
   size_t MaxNewSize                               = 1287651328                                {product} {ergonomic}
   size_t MinHeapDeltaBytes                        = 1048576                                   {product} {ergonomic}
    uintx NonNMethodCodeHeapSize                   = 5830732                                {pd product} {ergonomic}
    uintx NonProfiledCodeHeapSize                  = 122913754                              {pd product} {ergonomic}
    uintx ProfiledCodeHeapSize                     = 122913754                              {pd product} {ergonomic}
    uintx ReservedCodeCacheSize                    = 251658240                              {pd product} {ergonomic}
     bool SegmentedCodeCache                       = true                                      {product} {ergonomic}
     bool UseCompressedClassPointers               = true                                 {lp64_product} {ergonomic}
     bool UseCompressedOops                        = true                                 {lp64_product} {ergonomic}
     bool UseG1GC                                  = true                                      {product} {ergonomic}
     bool UseLargePagesIndividualAllocation        = false                                  {pd product} {ergonomic}

Logging:
Log output configuration:
 #0: stdout all=warning uptime,level,tags
 #1: stderr all=off uptime,level,tags

Environment Variables:
JAVA_HOME=C:\Program Files\Microsoft\jdk-11.0.20.8-hotspot\
CLASSPATH=C:\Users\user\Desktop\Tech\ReactNativeWithReduxSaga\android\\gradle\wrapper\gradle-wrapper.jar
PATH=C:\Users\user\Desktop\Tech\ReactNativeWithReduxSaga\node_modules\.bin;C:\Users\user\Desktop\Tech\ReactNativeWithReduxSaga\node_modules\.bin;C:\Users\user\Desktop\Tech\node_modules\.bin;C:\Users\user\Desktop\node_modules\.bin;C:\Users\user\node_modules\.bin;C:\Users\node_modules\.bin;C:\node_modules\.bin;C:\Users\user\AppData\Roaming\npm\node_modules\npm\node_modules\@npmcli\run-script\lib\node-gyp-bin;C:\Users\user\AppData\Local\Temp\yarn--1701965605336-0.7903989804720322;C:\Users\user\Desktop\Tech\ReactNativeWithReduxSaga\node_modules\.bin;C:\Users\user\AppData\Local\Yarn\Data\link\node_modules\.bin;C:\Users\user\AppData\Local\Yarn\bin;C:\Program Files\libexec\lib\node_modules\npm\bin\node-gyp-bin;C:\Program Files\lib\node_modules\npm\bin\node-gyp-bin;C:\Program Files\nodejs\node_modules\npm\bin\node-gyp-bin;C:\Program Files\Microsoft\jdk-11.0.20.8-hotspot\bin;C:\Python311\Scripts\;C:\Python311\;C:\Python310\Scripts\;C:\Python310\;C:\Program Files\Common Files\Oracle\Java\javapath;C:\Program Files (x86)\Common Files\Oracle\Java\javapath;C:\WINDOWS\system32;C:\WINDOWS;C:\WINDOWS\System32\Wbem;C:\WINDOWS\System32\WindowsPowerShell\v1.0\;C:\WINDOWS\System32\OpenSSH\;C:\Program Files\Git\cmd;C:\ProgramData\chocolatey\bin;C:\Users\user\AppData\Roaming\nvm;C:\Program Files\nodejs;C:\Program Files\PuTTY\;C:\Program Files\nodejs\;C:\Program Files\MySQL\MySQL Shell 8.0\bin\;C:\Users\user\AppData\Local\Microsoft\WindowsApps;C:\Users\user\AppData\Local\Programs\Microsoft VS Code\bin;C:\Users\user\AppData\Local\Android\Sdk\platform-tools;C:\Users\user\AppData\Local\Android\Sdk\build-tools;C:\Users\user\AppData\Local\Android\Sdk\emulator;C:\Users\user\AppData\Local\Android\Sdk\tools;C:\Program Files\Lando\bin;C:\Users\user\AppData\Local\GitHubDesktop\bin;C:\Users\user\AppData\Roaming\nvm;C:\Program Files\nodejs;C:\Users\user\AppData\Roaming\npm;
USERNAME=user
OS=Windows_NT
PROCESSOR_IDENTIFIER=Intel64 Family 6 Model 94 Stepping 3, GenuineIntel
TMP=C:\Users\user\AppData\Local\Temp
TEMP=C:\Users\user\AppData\Local\Temp



---------------  S Y S T E M  ---------------

OS: Windows 10 , 64 bit Build 19041 (10.0.19041.3031)
OS uptime: 0 days 5:58 hours
Hyper-V role detected

CPU:total 4 (initial active 4) (4 cores per cpu, 2 threads per core) family 6 model 94 stepping 3 microcode 0xcc, cmov, cx8, fxsr, mmx, sse, sse2, sse3, ssse3, sse4.1, sse4.2, popcnt, avx, avx2, aes, clmul, erms, rtm, 3dnowpref, lzcnt, ht, tsc, tscinvbit, bmi1, bmi2, adx, fma

Memory: 4k page, system-wide physical 8111M (93M free)
TotalPageFile size 32687M (AvailPageFile size 7M)
current process WorkingSet (physical memory assigned to process): 185M, peak: 221M
current process commit charge ("private bytes"): 278M, peak: 286M

vm_info: OpenJDK 64-Bit Server VM (11.0.20+8-LTS) for windows-amd64 JRE (11.0.20+8-LTS), built on Jul  7 2023 17:05:21 by "MicrosoftCorporation" with MS VC++ 15.9 (VS2017)

END.
