#
# There is insufficient memory for the Java Runtime Environment to continue.
# Native memory allocation (malloc) failed to allocate 115536 bytes for Chunk::new
# Possible reasons:
#   The system is out of physical RAM or swap space
#   The process is running with CompressedOops enabled, and the Java Heap may be blocking the growth of the native heap
# Possible solutions:
#   Reduce memory load on the system
#   Increase physical memory or swap space
#   Check if swap backing store is full
#   Decrease Java heap size (-Xmx/-Xms)
#   Decrease number of Java threads
#   Decrease Java thread stack sizes (-Xss)
#   Set larger code cache with -XX:ReservedCodeCacheSize=
#   JVM is running with Unscaled Compressed Oops mode in which the Java heap is
#     placed in the first 4GB address space. The Java Heap base address is the
#     maximum limit for the native heap growth. Please use -XX:HeapBaseMinAddress
#     to set the Java Heap base and to place the Java Heap above 4GB virtual address.
# This output file may be truncated or incomplete.
#
#  Out of Memory Error (arena.cpp:197), pid=49260, tid=53964
#
# JRE version: OpenJDK Runtime Environment Microsoft-8035250 (11.0.20+8) (build 11.0.20+8-LTS)
# Java VM: OpenJDK 64-Bit Server VM Microsoft-8035250 (11.0.20+8-LTS, mixed mode, tiered, compressed oops, g1 gc, windows-amd64)
# No core dump will be written. Minidumps are not enabled by default on client versions of Windows
#

---------------  S U M M A R Y ------------

Command Line: -XX:MaxMetaspaceSize=512m --add-opens=java.base/java.util=ALL-UNNAMED --add-opens=java.base/java.lang=ALL-UNNAMED --add-opens=java.base/java.lang.invoke=ALL-UNNAMED --add-opens=java.prefs/java.util.prefs=ALL-UNNAMED --add-opens=java.base/java.nio.charset=ALL-UNNAMED --add-opens=java.base/java.net=ALL-UNNAMED --add-opens=java.base/java.util.concurrent.atomic=ALL-UNNAMED -Xmx2048m -Dfile.encoding=windows-1252 -Duser.country=US -Duser.language=en -Duser.variant org.gradle.launcher.daemon.bootstrap.GradleDaemon 8.0.1

Host: Intel(R) Core(TM) i7-6820HQ CPU @ 2.70GHz, 4 cores, 7G,  Windows 10 , 64 bit Build 19041 (10.0.19041.3031)
Time: Thu Dec  7 22:05:17 2023 Pakistan Standard Time elapsed time: 80.300432 seconds (0d 0h 1m 20s)

---------------  T H R E A D  ---------------

Current thread (0x00000205ffb27800):  JavaThread "C2 CompilerThread0" daemon [_thread_in_native, id=53964, stack(0x000000667f700000,0x000000667f800000)]


Current CompileTask:
C2:  80300 4054       4       org.codehaus.groovy.runtime.metaclass.MetaMethodIndex::getOrPutMethods (184 bytes)

Stack: [0x000000667f700000,0x000000667f800000]
Native frames: (J=compiled Java code, j=interpreted, Vv=VM code, C=native code)
V  [jvm.dll+0x62e9da]
V  [jvm.dll+0x7bc4e9]
V  [jvm.dll+0x7bdbd8]
V  [jvm.dll+0x7be2b3]
V  [jvm.dll+0x2505a8]
V  [jvm.dll+0xc263c]
V  [jvm.dll+0xc2bfc]
V  [jvm.dll+0x35fdc7]
V  [jvm.dll+0x19f009]
V  [jvm.dll+0x2098c5]
V  [jvm.dll+0x20893d]
V  [jvm.dll+0x18a7de]
V  [jvm.dll+0x2181ec]
V  [jvm.dll+0x21642b]
V  [jvm.dll+0x77efc0]
V  [jvm.dll+0x777db4]
V  [jvm.dll+0x62d845]
C  [ucrtbase.dll+0x21bb2]
C  [KERNEL32.DLL+0x17614]
C  [ntdll.dll+0x526f1]


---------------  P R O C E S S  ---------------

Threads class SMR info:
_java_thread_list=0x0000020586a99a50, length=37, elements={
0x00000205e5170800, 0x00000205ff9b1800, 0x00000205ff9b2800, 0x00000205ffa14000,
0x00000205ffa15000, 0x00000205ffb22800, 0x00000205ffb27800, 0x00000205ffb29000,
0x00000205ffb88800, 0x00000205ffbf1800, 0x00000205861e0800, 0x0000020585d26000,
0x000002058580c800, 0x0000020585fa8000, 0x0000020585811000, 0x00000205853f3000,
0x00000205ffe37000, 0x00000205ffe24000, 0x0000020585432000, 0x00000205849f8000,
0x0000020586750000, 0x000002058674d800, 0x000002058674e800, 0x000002058674f000,
0x000002058679f000, 0x000002058679d800, 0x000002058679b000, 0x000002058679c000,
0x0000020586799800, 0x000002058679a800, 0x00000205867a2800, 0x000002058679e800,
0x00000205867a0000, 0x00000205867a1800, 0x000002058679d000, 0x00000205867a6800,
0x00000205867a4000
}

Java Threads: ( => current thread )
  0x00000205e5170800 JavaThread "main" [_thread_blocked, id=57536, stack(0x000000667ea00000,0x000000667eb00000)]
  0x00000205ff9b1800 JavaThread "Reference Handler" daemon [_thread_blocked, id=57044, stack(0x000000667f200000,0x000000667f300000)]
  0x00000205ff9b2800 JavaThread "Finalizer" daemon [_thread_blocked, id=45140, stack(0x000000667f300000,0x000000667f400000)]
  0x00000205ffa14000 JavaThread "Signal Dispatcher" daemon [_thread_blocked, id=49620, stack(0x000000667f400000,0x000000667f500000)]
  0x00000205ffa15000 JavaThread "Attach Listener" daemon [_thread_blocked, id=33008, stack(0x000000667f500000,0x000000667f600000)]
  0x00000205ffb22800 JavaThread "Service Thread" daemon [_thread_blocked, id=56940, stack(0x000000667f600000,0x000000667f700000)]
=>0x00000205ffb27800 JavaThread "C2 CompilerThread0" daemon [_thread_in_native, id=53964, stack(0x000000667f700000,0x000000667f800000)]
  0x00000205ffb29000 JavaThread "C1 CompilerThread0" daemon [_thread_in_native, id=48516, stack(0x000000667f800000,0x000000667f900000)]
  0x00000205ffb88800 JavaThread "Sweeper thread" daemon [_thread_blocked, id=59184, stack(0x000000667f900000,0x000000667fa00000)]
  0x00000205ffbf1800 JavaThread "Common-Cleaner" daemon [_thread_blocked, id=57268, stack(0x000000667fa00000,0x000000667fb00000)]
  0x00000205861e0800 JavaThread "Daemon health stats" [_thread_blocked, id=54420, stack(0x000000667fe00000,0x000000667ff00000)]
  0x0000020585d26000 JavaThread "Incoming local TCP Connector on port 63402" [_thread_in_native, id=57180, stack(0x000000667ff00000,0x0000006680000000)]
  0x000002058580c800 JavaThread "Daemon periodic checks" [_thread_blocked, id=57312, stack(0x0000006600000000,0x0000006600100000)]
  0x0000020585fa8000 JavaThread "Daemon" [_thread_blocked, id=57928, stack(0x0000006600100000,0x0000006600200000)]
  0x0000020585811000 JavaThread "Handler for socket connection from /127.0.0.1:63402 to /127.0.0.1:63413" [_thread_in_native, id=57620, stack(0x0000006600200000,0x0000006600300000)]
  0x00000205853f3000 JavaThread "Cancel handler" [_thread_blocked, id=57600, stack(0x0000006600300000,0x0000006600400000)]
  0x00000205ffe37000 JavaThread "Daemon worker" [_thread_in_vm, id=55680, stack(0x0000006600400000,0x0000006600500000)]
  0x00000205ffe24000 JavaThread "Asynchronous log dispatcher for DefaultDaemonConnection: socket connection from /127.0.0.1:63402 to /127.0.0.1:63413" [_thread_blocked, id=55636, stack(0x0000006600500000,0x0000006600600000)]
  0x0000020585432000 JavaThread "Stdin handler" [_thread_blocked, id=55640, stack(0x0000006600600000,0x0000006600700000)]
  0x00000205849f8000 JavaThread "Daemon client event forwarder" [_thread_blocked, id=53076, stack(0x0000006600700000,0x0000006600800000)]
  0x0000020586750000 JavaThread "Cache worker for journal cache (C:\Users\user\.gradle\caches\journal-1)" [_thread_blocked, id=18036, stack(0x0000006600900000,0x0000006600a00000)]
  0x000002058674d800 JavaThread "File lock request listener" [_thread_in_native, id=3924, stack(0x0000006600a00000,0x0000006600b00000)]
  0x000002058674e800 JavaThread "File lock release action executor" [_thread_blocked, id=57280, stack(0x0000006600b00000,0x0000006600c00000)]
  0x000002058674f000 JavaThread "Cache worker for file hash cache (C:\Users\user\.gradle\caches\8.0.1\fileHashes)" [_thread_blocked, id=46320, stack(0x0000006600c00000,0x0000006600d00000)]
  0x000002058679f000 JavaThread "File watcher server" daemon [_thread_in_native, id=54676, stack(0x0000006600d00000,0x0000006600e00000)]
  0x000002058679d800 JavaThread "File watcher consumer" daemon [_thread_blocked, id=35044, stack(0x0000006600e00000,0x0000006600f00000)]
  0x000002058679b000 JavaThread "Cache worker for checksums cache (C:\Users\user\Desktop\Tech\ReactNativeWithReduxSaga\android\.gradle\8.0.1\checksums)" [_thread_blocked, id=51928, stack(0x0000006600f00000,0x0000006601000000)]
  0x000002058679c000 JavaThread "Cache worker for cache directory md-rule (C:\Users\user\.gradle\caches\8.0.1\md-rule)" [_thread_blocked, id=56328, stack(0x0000006601000000,0x0000006601100000)]
  0x0000020586799800 JavaThread "Cache worker for file content cache (C:\Users\user\.gradle\caches\8.0.1\fileContent)" [_thread_blocked, id=56464, stack(0x0000006601100000,0x0000006601200000)]
  0x000002058679a800 JavaThread "Cache worker for file hash cache (C:\Users\user\Desktop\Tech\ReactNativeWithReduxSaga\android\.gradle\8.0.1\fileHashes)" [_thread_blocked, id=48584, stack(0x0000006601200000,0x0000006601300000)]
  0x00000205867a2800 JavaThread "Cache worker for cache directory md-supplier (C:\Users\user\.gradle\caches\8.0.1\md-supplier)" [_thread_blocked, id=59224, stack(0x0000006601300000,0x0000006601400000)]
  0x000002058679e800 JavaThread "File lock release action executor Thread 2" [_thread_blocked, id=54660, stack(0x0000006601400000,0x0000006601500000)]
  0x00000205867a0000 JavaThread "Cache worker for execution history cache (C:\Users\user\.gradle\caches\8.0.1\executionHistory)" [_thread_blocked, id=57760, stack(0x0000006601500000,0x0000006601600000)]
  0x00000205867a1800 JavaThread "jar transforms" [_thread_blocked, id=48180, stack(0x0000006601800000,0x0000006601900000)]
  0x000002058679d000 JavaThread "jar transforms Thread 2" [_thread_blocked, id=57744, stack(0x0000006601900000,0x0000006601a00000)]
  0x00000205867a6800 JavaThread "jar transforms Thread 3" [_thread_blocked, id=18384, stack(0x0000006601a00000,0x0000006601b00000)]
  0x00000205867a4000 JavaThread "jar transforms Thread 4" [_thread_blocked, id=48412, stack(0x0000006601b00000,0x0000006601c00000)]

Other Threads:
  0x00000205ff9ad800 VMThread "VM Thread" [stack: 0x000000667f100000,0x000000667f200000] [id=53400]
  0x00000205ffbf5800 WatcherThread [stack: 0x000000667fb00000,0x000000667fc00000] [id=53044]
  0x00000205e5189800 GCTaskThread "GC Thread#0" [stack: 0x000000667ec00000,0x000000667ed00000] [id=55156]
  0x00000205ffe62000 GCTaskThread "GC Thread#1" [stack: 0x000000667fc00000,0x000000667fd00000] [id=58012]
  0x000002058492f000 GCTaskThread "GC Thread#2" [stack: 0x000000667fd00000,0x000000667fe00000] [id=57776]
  0x00000205849f9000 GCTaskThread "GC Thread#3" [stack: 0x0000006600800000,0x0000006600900000] [id=55748]
  0x00000205e51bc000 ConcurrentGCThread "G1 Main Marker" [stack: 0x000000667ed00000,0x000000667ee00000] [id=14828]
  0x00000205e51bd000 ConcurrentGCThread "G1 Conc#0" [stack: 0x000000667ee00000,0x000000667ef00000] [id=48776]
  0x00000205ff830800 ConcurrentGCThread "G1 Refine#0" [stack: 0x000000667ef00000,0x000000667f000000] [id=56920]
  0x00000205ff831800 ConcurrentGCThread "G1 Young RemSet Sampling" [stack: 0x000000667f000000,0x000000667f100000] [id=56368]

Threads with active compile tasks:
C2 CompilerThread0    80349 4054       4       org.codehaus.groovy.runtime.metaclass.MetaMethodIndex::getOrPutMethods (184 bytes)
C1 CompilerThread0    80349 4086   !   3       org.gradle.internal.dispatch.ReflectionDispatch::dispatch (42 bytes)

VM state:not at safepoint (normal execution)

VM Mutex/Monitor currently owned by a thread: None

Heap address: 0x0000000080000000, size: 2048 MB, Compressed Oops mode: 32-bit
Narrow klass base: 0x0000000000000000, Narrow klass shift: 3
Compressed class space size: 528482304 Address: 0x0000000100000000

Heap:
 garbage-first heap   total 131072K, used 36457K [0x0000000080000000, 0x0000000100000000)
  region size 1024K, 17 young (17408K), 9 survivors (9216K)
 Metaspace       used 41609K, capacity 42742K, committed 42832K, reserved 555008K
  class space    used 5201K, capacity 5625K, committed 5632K, reserved 516096K
Heap Regions: E=young(eden), S=young(survivor), O=old, HS=humongous(starts), HC=humongous(continues), CS=collection set, F=free, A=archive, TAMS=top-at-mark-start (previous, next)
|   0|0x0000000080000000, 0x0000000080100000, 0x0000000080100000|100%| O|  |TAMS 0x0000000080100000, 0x0000000080000000| Untracked 
|   1|0x0000000080100000, 0x0000000080200000, 0x0000000080200000|100%| O|  |TAMS 0x0000000080200000, 0x0000000080100000| Untracked 
|   2|0x0000000080200000, 0x0000000080300000, 0x0000000080300000|100%| O|  |TAMS 0x0000000080300000, 0x0000000080200000| Untracked 
|   3|0x0000000080300000, 0x0000000080400000, 0x0000000080400000|100%|HS|  |TAMS 0x0000000080400000, 0x0000000080300000| Complete 
|   4|0x0000000080400000, 0x0000000080500000, 0x0000000080500000|100%|HC|  |TAMS 0x0000000080500000, 0x0000000080400000| Complete 
|   5|0x0000000080500000, 0x0000000080600000, 0x0000000080600000|100%|HC|  |TAMS 0x0000000080600000, 0x0000000080500000| Complete 
|   6|0x0000000080600000, 0x0000000080700000, 0x0000000080700000|100%|HC|  |TAMS 0x0000000080700000, 0x0000000080600000| Complete 
|   7|0x0000000080700000, 0x0000000080800000, 0x0000000080800000|100%| O|  |TAMS 0x0000000080800000, 0x0000000080700000| Untracked 
|   8|0x0000000080800000, 0x0000000080900000, 0x0000000080900000|100%| O|  |TAMS 0x0000000080900000, 0x0000000080800000| Untracked 
|   9|0x0000000080900000, 0x0000000080a00000, 0x0000000080a00000|100%| O|  |TAMS 0x0000000080a00000, 0x0000000080900000| Untracked 
|  10|0x0000000080a00000, 0x0000000080b00000, 0x0000000080b00000|100%| O|  |TAMS 0x0000000080b00000, 0x0000000080a00000| Untracked 
|  11|0x0000000080b00000, 0x0000000080c00000, 0x0000000080c00000|100%| O|  |TAMS 0x0000000080c00000, 0x0000000080b00000| Untracked 
|  12|0x0000000080c00000, 0x0000000080d00000, 0x0000000080d00000|100%| O|  |TAMS 0x0000000080d00000, 0x0000000080c00000| Untracked 
|  13|0x0000000080d00000, 0x0000000080e00000, 0x0000000080e00000|100%| O|  |TAMS 0x0000000080e00000, 0x0000000080d00000| Untracked 
|  14|0x0000000080e00000, 0x0000000080f00000, 0x0000000080f00000|100%| O|  |TAMS 0x0000000080f00000, 0x0000000080e00000| Untracked 
|  15|0x0000000080f00000, 0x0000000081000000, 0x0000000081000000|100%| O|  |TAMS 0x0000000081000000, 0x0000000080f00000| Untracked 
|  16|0x0000000081000000, 0x0000000081100000, 0x0000000081100000|100%| O|  |TAMS 0x0000000081100000, 0x0000000081000000| Untracked 
|  17|0x0000000081100000, 0x0000000081200000, 0x0000000081200000|100%| O|  |TAMS 0x0000000081200000, 0x0000000081100000| Untracked 
|  18|0x0000000081200000, 0x0000000081200000, 0x0000000081300000|  0%| F|  |TAMS 0x0000000081200000, 0x0000000081200000| Untracked 
|  19|0x0000000081300000, 0x0000000081300000, 0x0000000081400000|  0%| F|  |TAMS 0x0000000081300000, 0x0000000081300000| Untracked 
|  20|0x0000000081400000, 0x0000000081400000, 0x0000000081500000|  0%| F|  |TAMS 0x0000000081400000, 0x0000000081400000| Untracked 
|  21|0x0000000081500000, 0x0000000081600000, 0x0000000081600000|100%| O|  |TAMS 0x0000000081600000, 0x0000000081500000| Untracked 
|  22|0x0000000081600000, 0x0000000081700000, 0x0000000081700000|100%| O|  |TAMS 0x0000000081700000, 0x0000000081600000| Untracked 
|  23|0x0000000081700000, 0x0000000081724600, 0x0000000081800000| 14%| O|  |TAMS 0x0000000081724600, 0x0000000081700000| Untracked 
|  24|0x0000000081800000, 0x0000000081800000, 0x0000000081900000|  0%| F|  |TAMS 0x0000000081800000, 0x0000000081800000| Untracked 
|  25|0x0000000081900000, 0x0000000081900000, 0x0000000081a00000|  0%| F|  |TAMS 0x0000000081900000, 0x0000000081900000| Untracked 
|  26|0x0000000081a00000, 0x0000000081a00000, 0x0000000081b00000|  0%| F|  |TAMS 0x0000000081a00000, 0x0000000081a00000| Untracked 
|  27|0x0000000081b00000, 0x0000000081b00000, 0x0000000081c00000|  0%| F|  |TAMS 0x0000000081b00000, 0x0000000081b00000| Untracked 
|  28|0x0000000081c00000, 0x0000000081c00000, 0x0000000081d00000|  0%| F|  |TAMS 0x0000000081c00000, 0x0000000081c00000| Untracked 
|  29|0x0000000081d00000, 0x0000000081d00000, 0x0000000081e00000|  0%| F|  |TAMS 0x0000000081d00000, 0x0000000081d00000| Untracked 
|  30|0x0000000081e00000, 0x0000000081e00000, 0x0000000081f00000|  0%| F|  |TAMS 0x0000000081e00000, 0x0000000081e00000| Untracked 
|  31|0x0000000081f00000, 0x0000000081f00000, 0x0000000082000000|  0%| F|  |TAMS 0x0000000081f00000, 0x0000000081f00000| Untracked 
|  32|0x0000000082000000, 0x0000000082000000, 0x0000000082100000|  0%| F|  |TAMS 0x0000000082000000, 0x0000000082000000| Untracked 
|  33|0x0000000082100000, 0x0000000082100000, 0x0000000082200000|  0%| F|  |TAMS 0x0000000082100000, 0x0000000082100000| Untracked 
|  34|0x0000000082200000, 0x0000000082200000, 0x0000000082300000|  0%| F|  |TAMS 0x0000000082200000, 0x0000000082200000| Untracked 
|  35|0x0000000082300000, 0x0000000082300000, 0x0000000082400000|  0%| F|  |TAMS 0x0000000082300000, 0x0000000082300000| Untracked 
|  36|0x0000000082400000, 0x0000000082400000, 0x0000000082500000|  0%| F|  |TAMS 0x0000000082400000, 0x0000000082400000| Untracked 
|  37|0x0000000082500000, 0x0000000082500000, 0x0000000082600000|  0%| F|  |TAMS 0x0000000082500000, 0x0000000082500000| Untracked 
|  38|0x0000000082600000, 0x0000000082600000, 0x0000000082700000|  0%| F|  |TAMS 0x0000000082600000, 0x0000000082600000| Untracked 
|  39|0x0000000082700000, 0x0000000082700000, 0x0000000082800000|  0%| F|  |TAMS 0x0000000082700000, 0x0000000082700000| Untracked 
|  40|0x0000000082800000, 0x0000000082800000, 0x0000000082900000|  0%| F|  |TAMS 0x0000000082800000, 0x0000000082800000| Untracked 
|  41|0x0000000082900000, 0x0000000082900000, 0x0000000082a00000|  0%| F|  |TAMS 0x0000000082900000, 0x0000000082900000| Untracked 
|  42|0x0000000082a00000, 0x0000000082a00000, 0x0000000082b00000|  0%| F|  |TAMS 0x0000000082a00000, 0x0000000082a00000| Untracked 
|  43|0x0000000082b00000, 0x0000000082b00000, 0x0000000082c00000|  0%| F|  |TAMS 0x0000000082b00000, 0x0000000082b00000| Untracked 
|  44|0x0000000082c00000, 0x0000000082c00000, 0x0000000082d00000|  0%| F|  |TAMS 0x0000000082c00000, 0x0000000082c00000| Untracked 
|  45|0x0000000082d00000, 0x0000000082d00000, 0x0000000082e00000|  0%| F|  |TAMS 0x0000000082d00000, 0x0000000082d00000| Untracked 
|  46|0x0000000082e00000, 0x0000000082e00000, 0x0000000082f00000|  0%| F|  |TAMS 0x0000000082e00000, 0x0000000082e00000| Untracked 
|  47|0x0000000082f00000, 0x0000000082f00000, 0x0000000083000000|  0%| F|  |TAMS 0x0000000082f00000, 0x0000000082f00000| Untracked 
|  48|0x0000000083000000, 0x0000000083075f80, 0x0000000083100000| 46%| S|CS|TAMS 0x0000000083000000, 0x0000000083000000| Complete 
|  49|0x0000000083100000, 0x0000000083200000, 0x0000000083200000|100%| S|CS|TAMS 0x0000000083100000, 0x0000000083100000| Complete 
|  50|0x0000000083200000, 0x0000000083300000, 0x0000000083300000|100%| S|CS|TAMS 0x0000000083200000, 0x0000000083200000| Complete 
|  51|0x0000000083300000, 0x0000000083400000, 0x0000000083400000|100%| S|CS|TAMS 0x0000000083300000, 0x0000000083300000| Complete 
|  52|0x0000000083400000, 0x0000000083500000, 0x0000000083500000|100%| S|CS|TAMS 0x0000000083400000, 0x0000000083400000| Complete 
|  53|0x0000000083500000, 0x0000000083600000, 0x0000000083600000|100%| S|CS|TAMS 0x0000000083500000, 0x0000000083500000| Complete 
|  54|0x0000000083600000, 0x0000000083700000, 0x0000000083700000|100%| S|CS|TAMS 0x0000000083600000, 0x0000000083600000| Complete 
|  55|0x0000000083700000, 0x0000000083800000, 0x0000000083800000|100%| S|CS|TAMS 0x0000000083700000, 0x0000000083700000| Complete 
|  56|0x0000000083800000, 0x0000000083900000, 0x0000000083900000|100%| S|CS|TAMS 0x0000000083800000, 0x0000000083800000| Complete 
|  57|0x0000000083900000, 0x0000000083900000, 0x0000000083a00000|  0%| F|  |TAMS 0x0000000083900000, 0x0000000083900000| Untracked 
|  58|0x0000000083a00000, 0x0000000083a00000, 0x0000000083b00000|  0%| F|  |TAMS 0x0000000083a00000, 0x0000000083a00000| Untracked 
|  59|0x0000000083b00000, 0x0000000083b00000, 0x0000000083c00000|  0%| F|  |TAMS 0x0000000083b00000, 0x0000000083b00000| Untracked 
|  60|0x0000000083c00000, 0x0000000083c00000, 0x0000000083d00000|  0%| F|  |TAMS 0x0000000083c00000, 0x0000000083c00000| Untracked 
|  61|0x0000000083d00000, 0x0000000083d00000, 0x0000000083e00000|  0%| F|  |TAMS 0x0000000083d00000, 0x0000000083d00000| Untracked 
|  62|0x0000000083e00000, 0x0000000083e00000, 0x0000000083f00000|  0%| F|  |TAMS 0x0000000083e00000, 0x0000000083e00000| Untracked 
|  63|0x0000000083f00000, 0x0000000083f00000, 0x0000000084000000|  0%| F|  |TAMS 0x0000000083f00000, 0x0000000083f00000| Untracked 
|  64|0x0000000084000000, 0x0000000084000000, 0x0000000084100000|  0%| F|  |TAMS 0x0000000084000000, 0x0000000084000000| Untracked 
|  65|0x0000000084100000, 0x0000000084100000, 0x0000000084200000|  0%| F|  |TAMS 0x0000000084100000, 0x0000000084100000| Untracked 
|  66|0x0000000084200000, 0x0000000084200000, 0x0000000084300000|  0%| F|  |TAMS 0x0000000084200000, 0x0000000084200000| Untracked 
|  67|0x0000000084300000, 0x0000000084300000, 0x0000000084400000|  0%| F|  |TAMS 0x0000000084300000, 0x0000000084300000| Untracked 
|  68|0x0000000084400000, 0x0000000084400000, 0x0000000084500000|  0%| F|  |TAMS 0x0000000084400000, 0x0000000084400000| Untracked 
|  69|0x0000000084500000, 0x0000000084500000, 0x0000000084600000|  0%| F|  |TAMS 0x0000000084500000, 0x0000000084500000| Untracked 
|  70|0x0000000084600000, 0x0000000084600000, 0x0000000084700000|  0%| F|  |TAMS 0x0000000084600000, 0x0000000084600000| Untracked 
|  71|0x0000000084700000, 0x0000000084700000, 0x0000000084800000|  0%| F|  |TAMS 0x0000000084700000, 0x0000000084700000| Untracked 
|  72|0x0000000084800000, 0x0000000084800000, 0x0000000084900000|  0%| F|  |TAMS 0x0000000084800000, 0x0000000084800000| Untracked 
|  73|0x0000000084900000, 0x0000000084900000, 0x0000000084a00000|  0%| F|  |TAMS 0x0000000084900000, 0x0000000084900000| Untracked 
|  74|0x0000000084a00000, 0x0000000084a00000, 0x0000000084b00000|  0%| F|  |TAMS 0x0000000084a00000, 0x0000000084a00000| Untracked 
|  75|0x0000000084b00000, 0x0000000084b00000, 0x0000000084c00000|  0%| F|  |TAMS 0x0000000084b00000, 0x0000000084b00000| Untracked 
|  76|0x0000000084c00000, 0x0000000084c00000, 0x0000000084d00000|  0%| F|  |TAMS 0x0000000084c00000, 0x0000000084c00000| Untracked 
|  77|0x0000000084d00000, 0x0000000084d00000, 0x0000000084e00000|  0%| F|  |TAMS 0x0000000084d00000, 0x0000000084d00000| Untracked 
|  78|0x0000000084e00000, 0x0000000084e00000, 0x0000000084f00000|  0%| F|  |TAMS 0x0000000084e00000, 0x0000000084e00000| Untracked 
|  79|0x0000000084f00000, 0x0000000084f00000, 0x0000000085000000|  0%| F|  |TAMS 0x0000000084f00000, 0x0000000084f00000| Untracked 
|  80|0x0000000085000000, 0x0000000085000000, 0x0000000085100000|  0%| F|  |TAMS 0x0000000085000000, 0x0000000085000000| Untracked 
|  81|0x0000000085100000, 0x0000000085100000, 0x0000000085200000|  0%| F|  |TAMS 0x0000000085100000, 0x0000000085100000| Untracked 
|  82|0x0000000085200000, 0x0000000085200000, 0x0000000085300000|  0%| F|  |TAMS 0x0000000085200000, 0x0000000085200000| Untracked 
|  83|0x0000000085300000, 0x0000000085300000, 0x0000000085400000|  0%| F|  |TAMS 0x0000000085300000, 0x0000000085300000| Untracked 
|  84|0x0000000085400000, 0x0000000085400000, 0x0000000085500000|  0%| F|  |TAMS 0x0000000085400000, 0x0000000085400000| Untracked 
|  85|0x0000000085500000, 0x0000000085500000, 0x0000000085600000|  0%| F|  |TAMS 0x0000000085500000, 0x0000000085500000| Untracked 
|  86|0x0000000085600000, 0x0000000085600000, 0x0000000085700000|  0%| F|  |TAMS 0x0000000085600000, 0x0000000085600000| Untracked 
|  87|0x0000000085700000, 0x0000000085700000, 0x0000000085800000|  0%| F|  |TAMS 0x0000000085700000, 0x0000000085700000| Untracked 
|  88|0x0000000085800000, 0x0000000085800000, 0x0000000085900000|  0%| F|  |TAMS 0x0000000085800000, 0x0000000085800000| Untracked 
|  89|0x0000000085900000, 0x0000000085900000, 0x0000000085a00000|  0%| F|  |TAMS 0x0000000085900000, 0x0000000085900000| Untracked 
|  90|0x0000000085a00000, 0x0000000085a00000, 0x0000000085b00000|  0%| F|  |TAMS 0x0000000085a00000, 0x0000000085a00000| Untracked 
|  91|0x0000000085b00000, 0x0000000085b00000, 0x0000000085c00000|  0%| F|  |TAMS 0x0000000085b00000, 0x0000000085b00000| Untracked 
|  92|0x0000000085c00000, 0x0000000085c00000, 0x0000000085d00000|  0%| F|  |TAMS 0x0000000085c00000, 0x0000000085c00000| Untracked 
|  93|0x0000000085d00000, 0x0000000085d00000, 0x0000000085e00000|  0%| F|  |TAMS 0x0000000085d00000, 0x0000000085d00000| Untracked 
|  94|0x0000000085e00000, 0x0000000085e00000, 0x0000000085f00000|  0%| F|  |TAMS 0x0000000085e00000, 0x0000000085e00000| Untracked 
|  95|0x0000000085f00000, 0x0000000085f00000, 0x0000000086000000|  0%| F|  |TAMS 0x0000000085f00000, 0x0000000085f00000| Untracked 
|  96|0x0000000086000000, 0x0000000086000000, 0x0000000086100000|  0%| F|  |TAMS 0x0000000086000000, 0x0000000086000000| Untracked 
|  97|0x0000000086100000, 0x0000000086100000, 0x0000000086200000|  0%| F|  |TAMS 0x0000000086100000, 0x0000000086100000| Untracked 
|  98|0x0000000086200000, 0x0000000086200000, 0x0000000086300000|  0%| F|  |TAMS 0x0000000086200000, 0x0000000086200000| Untracked 
|  99|0x0000000086300000, 0x0000000086300000, 0x0000000086400000|  0%| F|  |TAMS 0x0000000086300000, 0x0000000086300000| Untracked 
| 100|0x0000000086400000, 0x0000000086400000, 0x0000000086500000|  0%| F|  |TAMS 0x0000000086400000, 0x0000000086400000| Untracked 
| 101|0x0000000086500000, 0x0000000086500000, 0x0000000086600000|  0%| F|  |TAMS 0x0000000086500000, 0x0000000086500000| Untracked 
| 102|0x0000000086600000, 0x0000000086600000, 0x0000000086700000|  0%| F|  |TAMS 0x0000000086600000, 0x0000000086600000| Untracked 
| 103|0x0000000086700000, 0x0000000086700000, 0x0000000086800000|  0%| F|  |TAMS 0x0000000086700000, 0x0000000086700000| Untracked 
| 104|0x0000000086800000, 0x0000000086800000, 0x0000000086900000|  0%| F|  |TAMS 0x0000000086800000, 0x0000000086800000| Untracked 
| 105|0x0000000086900000, 0x0000000086900000, 0x0000000086a00000|  0%| F|  |TAMS 0x0000000086900000, 0x0000000086900000| Untracked 
| 106|0x0000000086a00000, 0x0000000086a00000, 0x0000000086b00000|  0%| F|  |TAMS 0x0000000086a00000, 0x0000000086a00000| Untracked 
| 107|0x0000000086b00000, 0x0000000086b00000, 0x0000000086c00000|  0%| F|  |TAMS 0x0000000086b00000, 0x0000000086b00000| Untracked 
| 108|0x0000000086c00000, 0x0000000086c00000, 0x0000000086d00000|  0%| F|  |TAMS 0x0000000086c00000, 0x0000000086c00000| Untracked 
| 109|0x0000000086d00000, 0x0000000086d00000, 0x0000000086e00000|  0%| F|  |TAMS 0x0000000086d00000, 0x0000000086d00000| Untracked 
| 110|0x0000000086e00000, 0x0000000086e00000, 0x0000000086f00000|  0%| F|  |TAMS 0x0000000086e00000, 0x0000000086e00000| Untracked 
| 111|0x0000000086f00000, 0x0000000086f00000, 0x0000000087000000|  0%| F|  |TAMS 0x0000000086f00000, 0x0000000086f00000| Untracked 
| 112|0x0000000087000000, 0x0000000087000000, 0x0000000087100000|  0%| F|  |TAMS 0x0000000087000000, 0x0000000087000000| Untracked 
| 113|0x0000000087100000, 0x0000000087100000, 0x0000000087200000|  0%| F|  |TAMS 0x0000000087100000, 0x0000000087100000| Untracked 
| 114|0x0000000087200000, 0x0000000087200000, 0x0000000087300000|  0%| F|  |TAMS 0x0000000087200000, 0x0000000087200000| Untracked 
| 115|0x0000000087300000, 0x0000000087300000, 0x0000000087400000|  0%| F|  |TAMS 0x0000000087300000, 0x0000000087300000| Untracked 
| 116|0x0000000087400000, 0x0000000087400000, 0x0000000087500000|  0%| F|  |TAMS 0x0000000087400000, 0x0000000087400000| Untracked 
| 117|0x0000000087500000, 0x0000000087500000, 0x0000000087600000|  0%| F|  |TAMS 0x0000000087500000, 0x0000000087500000| Untracked 
| 118|0x0000000087600000, 0x0000000087600000, 0x0000000087700000|  0%| F|  |TAMS 0x0000000087600000, 0x0000000087600000| Untracked 
| 119|0x0000000087700000, 0x0000000087700000, 0x0000000087800000|  0%| F|  |TAMS 0x0000000087700000, 0x0000000087700000| Untracked 
| 120|0x0000000087800000, 0x0000000087900000, 0x0000000087900000|100%| E|  |TAMS 0x0000000087800000, 0x0000000087800000| Complete 
| 121|0x0000000087900000, 0x0000000087a00000, 0x0000000087a00000|100%| E|CS|TAMS 0x0000000087900000, 0x0000000087900000| Complete 
| 122|0x0000000087a00000, 0x0000000087b00000, 0x0000000087b00000|100%| E|CS|TAMS 0x0000000087a00000, 0x0000000087a00000| Complete 
| 123|0x0000000087b00000, 0x0000000087c00000, 0x0000000087c00000|100%| E|CS|TAMS 0x0000000087b00000, 0x0000000087b00000| Complete 
| 124|0x0000000087c00000, 0x0000000087d00000, 0x0000000087d00000|100%| E|CS|TAMS 0x0000000087c00000, 0x0000000087c00000| Complete 
| 125|0x0000000087d00000, 0x0000000087e00000, 0x0000000087e00000|100%| E|CS|TAMS 0x0000000087d00000, 0x0000000087d00000| Complete 
| 126|0x0000000087e00000, 0x0000000087f00000, 0x0000000087f00000|100%| E|CS|TAMS 0x0000000087e00000, 0x0000000087e00000| Complete 
| 127|0x0000000087f00000, 0x0000000088000000, 0x0000000088000000|100%| E|CS|TAMS 0x0000000087f00000, 0x0000000087f00000| Complete 

Card table byte_map: [0x00000205fccf0000,0x00000205fd0f0000] _byte_map_base: 0x00000205fc8f0000

Marking Bits (Prev, Next): (CMBitMap*) 0x00000205e51b3060, (CMBitMap*) 0x00000205e51b3028
 Prev Bits: [0x0000020580000000, 0x0000020582000000)
 Next Bits: [0x00000205fd4f0000, 0x00000205ff4f0000)

Polling page: 0x00000205e2f80000

Metaspace:

Usage:
  Non-class:     36.25 MB capacity,    35.56 MB ( 98%) used,   599.55 KB (  2%) free+waste,   107.88 KB ( <1%) overhead. 
      Class:      5.50 MB capacity,     5.08 MB ( 92%) used,   370.57 KB (  7%) free+waste,    52.38 KB ( <1%) overhead. 
       Both:     41.75 MB capacity,    40.64 MB ( 97%) used,   970.12 KB (  2%) free+waste,   160.25 KB ( <1%) overhead. 

Virtual space:
  Non-class space:       38.00 MB reserved,      36.33 MB ( 96%) committed 
      Class space:      504.00 MB reserved,       5.50 MB (  1%) committed 
             Both:      542.00 MB reserved,      41.83 MB (  8%) committed 

Chunk freelists:
   Non-Class:  16.00 KB
       Class:  5.00 KB
        Both:  21.00 KB

MaxMetaspaceSize: 512.00 MB
CompressedClassSpaceSize: 504.00 MB
Initial GC threshold: 20.80 MB
Current GC threshold: 69.09 MB
CDS: off

CodeHeap 'non-profiled nmethods': size=120064Kb used=2278Kb max_used=2278Kb free=117785Kb
 bounds [0x00000205f53b0000, 0x00000205f5620000, 0x00000205fc8f0000]
CodeHeap 'profiled nmethods': size=120000Kb used=8578Kb max_used=8578Kb free=111421Kb
 bounds [0x00000205ede80000, 0x00000205ee6f0000, 0x00000205f53b0000]
CodeHeap 'non-nmethods': size=5696Kb used=2273Kb max_used=2314Kb free=3422Kb
 bounds [0x00000205ed8f0000, 0x00000205edb60000, 0x00000205ede80000]
 total_blobs=4836 nmethods=4067 adapters=681
 compilation: enabled
              stopped_count=0, restarted_count=0
 full_count=0

Compilation events (20 events):
Event: 76.407 Thread 0x00000205ffb27800 nmethod 4044 0x00000205f55e0c90 code [0x00000205f55e0f00, 0x00000205f55e3b58]
Event: 76.407 Thread 0x00000205ffb27800 4043       4       java.util.StringJoiner::<init> (56 bytes)
Event: 76.412 Thread 0x00000205ffb27800 nmethod 4043 0x00000205f55e5110 code [0x00000205f55e52c0, 0x00000205f55e5698]
Event: 76.413 Thread 0x00000205ffb27800 4049       4       org.codehaus.groovy.reflection.ParameterTypes::getParameterTypes (16 bytes)
Event: 76.484 Thread 0x00000205ffb27800 nmethod 4049 0x00000205f55e5890 code [0x00000205f55e5b80, 0x00000205f55e7be0]
Event: 80.281 Thread 0x00000205ffb29000 4051       3       groovyjarjarasm.asm.SymbolTable::addType (81 bytes)
Event: 80.281 Thread 0x00000205ffb29000 nmethod 4051 0x00000205ee6cda10 code [0x00000205ee6cdc40, 0x00000205ee6ce218]
Event: 80.281 Thread 0x00000205ffb29000 4052       3       groovyjarjarasm.asm.MethodWriter::visitAbstractType (8 bytes)
Event: 80.281 Thread 0x00000205ffb29000 nmethod 4052 0x00000205ee6ce510 code [0x00000205ee6ce6c0, 0x00000205ee6ce7f8]
Event: 80.281 Thread 0x00000205ffb29000 4053       1       groovyjarjarasm.asm.SymbolTable::getMajorVersion (5 bytes)
Event: 80.281 Thread 0x00000205ffb29000 nmethod 4053 0x00000205f55e8c90 code [0x00000205f55e8e40, 0x00000205f55e8ef8]
Event: 80.282 Thread 0x00000205ffb27800 4054       4       org.codehaus.groovy.runtime.metaclass.MetaMethodIndex::getOrPutMethods (184 bytes)
Event: 80.285 Thread 0x00000205ffb29000 4057       3       java.util.TimSort::binarySort (223 bytes)
Event: 80.286 Thread 0x00000205ffb29000 nmethod 4057 0x00000205ee6ce910 code [0x00000205ee6ceb40, 0x00000205ee6cf5f8]
Event: 80.292 Thread 0x00000205ffb29000 4058       3       org.codehaus.groovy.reflection.CachedClass::getMethods (11 bytes)
Event: 80.292 Thread 0x00000205ffb29000 nmethod 4058 0x00000205ee6cf910 code [0x00000205ee6cfae0, 0x00000205ee6cfd88]
Event: 80.296 Thread 0x00000205ffb29000 4060       3       java.lang.Module::isExported (15 bytes)
Event: 80.296 Thread 0x00000205ffb29000 nmethod 4060 0x00000205f55e8f90 code [0x00000205f55e9160, 0x00000205f55e93f8]
Event: 80.296 Thread 0x00000205ffb29000 4061       3       java.lang.StringBuilder::length (5 bytes)
Event: 80.297 Thread 0x00000205ffb29000 nmethod 4061 0x00000205f55e9510 code [0x00000205f55e96c0, 0x00000205f55e97d8]

GC Heap History (16 events):
Event: 2.383 GC heap before
{Heap before GC invocations=0 (full 0):
 garbage-first heap   total 131072K, used 13312K [0x0000000080000000, 0x0000000100000000)
  region size 1024K, 14 young (14336K), 0 survivors (0K)
 Metaspace       used 6795K, capacity 6985K, committed 7168K, reserved 524288K
  class space    used 573K, capacity 650K, committed 768K, reserved 516096K
}
Event: 3.207 GC heap after
{Heap after GC invocations=1 (full 0):
 garbage-first heap   total 131072K, used 4110K [0x0000000080000000, 0x0000000100000000)
  region size 1024K, 2 young (2048K), 2 survivors (2048K)
 Metaspace       used 6795K, capacity 6985K, committed 7168K, reserved 524288K
  class space    used 573K, capacity 650K, committed 768K, reserved 516096K
}
Event: 5.065 GC heap before
{Heap before GC invocations=1 (full 0):
 garbage-first heap   total 131072K, used 17422K [0x0000000080000000, 0x0000000100000000)
  region size 1024K, 12 young (12288K), 2 survivors (2048K)
 Metaspace       used 9806K, capacity 10016K, committed 10112K, reserved 526336K
  class space    used 994K, capacity 1069K, committed 1152K, reserved 516096K
}
Event: 5.067 GC heap after
{Heap after GC invocations=2 (full 0):
 garbage-first heap   total 131072K, used 10420K [0x0000000080000000, 0x0000000100000000)
  region size 1024K, 2 young (2048K), 2 survivors (2048K)
 Metaspace       used 9806K, capacity 10016K, committed 10112K, reserved 526336K
  class space    used 994K, capacity 1069K, committed 1152K, reserved 516096K
}
Event: 27.765 GC heap before
{Heap before GC invocations=2 (full 0):
 garbage-first heap   total 131072K, used 87220K [0x0000000080000000, 0x0000000100000000)
  region size 1024K, 76 young (77824K), 2 survivors (2048K)
 Metaspace       used 19315K, capacity 19724K, committed 19840K, reserved 534528K
  class space    used 2202K, capacity 2346K, committed 2432K, reserved 516096K
}
Event: 27.889 GC heap after
{Heap after GC invocations=3 (full 0):
 garbage-first heap   total 131072K, used 17975K [0x0000000080000000, 0x0000000100000000)
  region size 1024K, 10 young (10240K), 10 survivors (10240K)
 Metaspace       used 19315K, capacity 19724K, committed 19840K, reserved 534528K
  class space    used 2202K, capacity 2346K, committed 2432K, reserved 516096K
}
Event: 28.984 GC heap before
{Heap before GC invocations=3 (full 0):
 garbage-first heap   total 131072K, used 30263K [0x0000000080000000, 0x0000000100000000)
  region size 1024K, 23 young (23552K), 10 survivors (10240K)
 Metaspace       used 20765K, capacity 21123K, committed 21296K, reserved 536576K
  class space    used 2438K, capacity 2607K, committed 2688K, reserved 516096K
}
Event: 28.995 GC heap after
{Heap after GC invocations=4 (full 0):
 garbage-first heap   total 131072K, used 18652K [0x0000000080000000, 0x0000000100000000)
  region size 1024K, 1 young (1024K), 1 survivors (1024K)
 Metaspace       used 20765K, capacity 21123K, committed 21296K, reserved 536576K
  class space    used 2438K, capacity 2607K, committed 2688K, reserved 516096K
}
Event: 37.397 GC heap before
{Heap before GC invocations=5 (full 0):
 garbage-first heap   total 131072K, used 80092K [0x0000000080000000, 0x0000000100000000)
  region size 1024K, 61 young (62464K), 1 survivors (1024K)
 Metaspace       used 26546K, capacity 27118K, committed 27440K, reserved 540672K
  class space    used 3358K, capacity 3588K, committed 3712K, reserved 516096K
}
Event: 37.402 GC heap after
{Heap after GC invocations=6 (full 0):
 garbage-first heap   total 131072K, used 20845K [0x0000000080000000, 0x0000000100000000)
  region size 1024K, 3 young (3072K), 3 survivors (3072K)
 Metaspace       used 26546K, capacity 27118K, committed 27440K, reserved 540672K
  class space    used 3358K, capacity 3588K, committed 3712K, reserved 516096K
}
Event: 48.483 GC heap before
{Heap before GC invocations=6 (full 0):
 garbage-first heap   total 131072K, used 87405K [0x0000000080000000, 0x0000000100000000)
  region size 1024K, 68 young (69632K), 3 survivors (3072K)
 Metaspace       used 33370K, capacity 34198K, committed 34352K, reserved 546816K
  class space    used 4353K, capacity 4676K, committed 4736K, reserved 516096K
}
Event: 48.492 GC heap after
{Heap after GC invocations=7 (full 0):
 garbage-first heap   total 131072K, used 23207K [0x0000000080000000, 0x0000000100000000)
  region size 1024K, 6 young (6144K), 6 survivors (6144K)
 Metaspace       used 33370K, capacity 34198K, committed 34352K, reserved 546816K
  class space    used 4353K, capacity 4676K, committed 4736K, reserved 516096K
}
Event: 49.969 GC heap before
{Heap before GC invocations=7 (full 0):
 garbage-first heap   total 131072K, used 28327K [0x0000000080000000, 0x0000000100000000)
  region size 1024K, 12 young (12288K), 6 survivors (6144K)
 Metaspace       used 34933K, capacity 35822K, committed 35920K, reserved 548864K
  class space    used 4443K, capacity 4813K, committed 4864K, reserved 516096K
}
Event: 49.979 GC heap after
{Heap after GC invocations=8 (full 0):
 garbage-first heap   total 131072K, used 24088K [0x0000000080000000, 0x0000000100000000)
  region size 1024K, 6 young (6144K), 6 survivors (6144K)
 Metaspace       used 34933K, capacity 35822K, committed 35920K, reserved 548864K
  class space    used 4443K, capacity 4813K, committed 4864K, reserved 516096K
}
Event: 75.906 GC heap before
{Heap before GC invocations=9 (full 0):
 garbage-first heap   total 131072K, used 92696K [0x0000000080000000, 0x0000000100000000)
  region size 1024K, 71 young (72704K), 6 survivors (6144K)
 Metaspace       used 41233K, capacity 42256K, committed 42448K, reserved 555008K
  class space    used 5135K, capacity 5503K, committed 5504K, reserved 516096K
}
Event: 75.921 GC heap after
{Heap after GC invocations=10 (full 0):
 garbage-first heap   total 131072K, used 29289K [0x0000000080000000, 0x0000000100000000)
  region size 1024K, 9 young (9216K), 9 survivors (9216K)
 Metaspace       used 41233K, capacity 42256K, committed 42448K, reserved 555008K
  class space    used 5135K, capacity 5503K, committed 5504K, reserved 516096K
}

Deoptimization events (20 events):
Event: 75.925 Thread 0x00000205ffe37000 Uncommon trap: trap_request=0xffffff4d fr.pc=0x00000205f548ff14 relative=0x00000000000013d4
Event: 75.925 Thread 0x00000205ffe37000 Uncommon trap: reason=unstable_if action=reinterpret pc=0x00000205f548ff14 method=java.util.concurrent.ConcurrentHashMap.putVal(Ljava/lang/Object;Ljava/lang/Object;Z)Ljava/lang/Object; @ 231 c2
Event: 75.925 Thread 0x00000205ffe37000 DEOPT PACKING pc=0x00000205f548ff14 sp=0x00000066004f6fa0
Event: 75.925 Thread 0x00000205ffe37000 DEOPT UNPACKING pc=0x00000205ed93a1af sp=0x00000066004f6f20 mode 2
Event: 76.229 Thread 0x00000205ffe37000 DEOPT PACKING pc=0x00000205ee51a979 sp=0x00000066004f4210
Event: 76.229 Thread 0x00000205ffe37000 DEOPT UNPACKING pc=0x00000205ed93a95e sp=0x00000066004f3758 mode 0
Event: 80.279 Thread 0x00000205ffe37000 Uncommon trap: trap_request=0xffffff4d fr.pc=0x00000205f55bc27c relative=0x00000000000008fc
Event: 80.280 Thread 0x00000205ffe37000 Uncommon trap: reason=unstable_if action=reinterpret pc=0x00000205f55bc27c method=java.io.BufferedInputStream.read([BII)I @ 56 c2
Event: 80.280 Thread 0x00000205ffe37000 DEOPT PACKING pc=0x00000205f55bc27c sp=0x00000066004f7fd0
Event: 80.280 Thread 0x00000205ffe37000 DEOPT UNPACKING pc=0x00000205ed93a1af sp=0x00000066004f7fa8 mode 2
Event: 80.283 Thread 0x00000205ffe37000 DEOPT PACKING pc=0x00000205ee421d88 sp=0x00000066004f7ef0
Event: 80.283 Thread 0x00000205ffe37000 DEOPT UNPACKING pc=0x00000205ed93a95e sp=0x00000066004f73e8 mode 0
Event: 80.285 Thread 0x00000205ffe37000 Uncommon trap: trap_request=0xffffffde fr.pc=0x00000205f55802d8 relative=0x0000000000000438
Event: 80.286 Thread 0x00000205ffe37000 Uncommon trap: reason=class_check action=maybe_recompile pc=0x00000205f55802d8 method=java.util.regex.Pattern$Start.match(Ljava/util/regex/Matcher;ILjava/lang/CharSequence;)Z @ 44 c2
Event: 80.286 Thread 0x00000205ffe37000 DEOPT PACKING pc=0x00000205f55802d8 sp=0x00000066004f5fd0
Event: 80.286 Thread 0x00000205ffe37000 DEOPT UNPACKING pc=0x00000205ed93a1af sp=0x00000066004f5e98 mode 2
Event: 80.286 Thread 0x00000205ffe37000 Uncommon trap: trap_request=0xffffffde fr.pc=0x00000205f5572598 relative=0x0000000000000418
Event: 80.286 Thread 0x00000205ffe37000 Uncommon trap: reason=class_check action=maybe_recompile pc=0x00000205f5572598 method=java.util.regex.Pattern$Start.match(Ljava/util/regex/Matcher;ILjava/lang/CharSequence;)Z @ 44 c2
Event: 80.286 Thread 0x00000205ffe37000 DEOPT PACKING pc=0x00000205f5572598 sp=0x00000066004f5f60
Event: 80.286 Thread 0x00000205ffe37000 DEOPT UNPACKING pc=0x00000205ed93a1af sp=0x00000066004f5ea0 mode 2

Classes redefined (0 events):
No events

Internal exceptions (20 events):
Event: 76.229 Thread 0x00000205ffe37000 Exception <a 'java/lang/NoSuchMethodError'{0x0000000087f7b528}: 'java.lang.Object java.lang.invoke.DirectMethodHandle$Holder.invokeStaticInit(java.lang.Object, java.lang.Object, long, java.lang.Object)'> (0x0000000087f7b528) thrown at [s\src\hotspot\share\interpreter\linkResolver.cpp, line 773]
Event: 76.255 Thread 0x00000205ffe37000 Exception <a 'java/lang/ClassNotFoundException'{0x0000000087ffc930}: java/lang/ProcessImplBeanInfo> (0x0000000087ffc930) thrown at [s\src\hotspot\share\classfile\systemDictionary.cpp, line 230]
Event: 76.257 Thread 0x00000205ffe37000 Exception <a 'java/lang/ClassNotFoundException'{0x0000000087e02818}: java/lang/ProcessBeanInfo> (0x0000000087e02818) thrown at [s\src\hotspot\share\classfile\systemDictionary.cpp, line 230]
Event: 76.257 Thread 0x00000205ffe37000 Exception <a 'java/lang/ClassNotFoundException'{0x0000000087e081d0}: java/lang/ProcessCustomizer> (0x0000000087e081d0) thrown at [s\src\hotspot\share\classfile\systemDictionary.cpp, line 230]
Event: 76.259 Thread 0x00000205ffe37000 Exception <a 'java/lang/ClassNotFoundException'{0x0000000087e18860}: java/lang/ProcessImplCustomizer> (0x0000000087e18860) thrown at [s\src\hotspot\share\classfile\systemDictionary.cpp, line 230]
Event: 76.292 Thread 0x00000205ffe37000 Exception <a 'java/lang/ClassNotFoundException'{0x0000000087e6a818}: java/io/InputStreamReaderBeanInfo> (0x0000000087e6a818) thrown at [s\src\hotspot\share\classfile\systemDictionary.cpp, line 230]
Event: 76.292 Thread 0x00000205ffe37000 Exception <a 'java/lang/ClassNotFoundException'{0x0000000087e70180}: java/io/ReaderBeanInfo> (0x0000000087e70180) thrown at [s\src\hotspot\share\classfile\systemDictionary.cpp, line 230]
Event: 76.293 Thread 0x00000205ffe37000 Exception <a 'java/lang/ClassNotFoundException'{0x0000000087e75b00}: java/io/ReaderCustomizer> (0x0000000087e75b00) thrown at [s\src\hotspot\share\classfile\systemDictionary.cpp, line 230]
Event: 76.293 Thread 0x00000205ffe37000 Exception <a 'java/lang/ClassNotFoundException'{0x0000000087e80b10}: java/io/InputStreamReaderCustomizer> (0x0000000087e80b10) thrown at [s\src\hotspot\share\classfile\systemDictionary.cpp, line 230]
Event: 76.302 Thread 0x00000205ffe37000 Exception <a 'java/lang/ClassNotFoundException'{0x0000000087ea4b98}: java/io/BufferedReaderBeanInfo> (0x0000000087ea4b98) thrown at [s\src\hotspot\share\classfile\systemDictionary.cpp, line 230]
Event: 76.302 Thread 0x00000205ffe37000 Exception <a 'java/lang/ClassNotFoundException'{0x0000000087eaa558}: java/io/BufferedReaderCustomizer> (0x0000000087eaa558) thrown at [s\src\hotspot\share\classfile\systemDictionary.cpp, line 230]
Event: 76.312 Thread 0x00000205ffe37000 Exception <a 'java/lang/ClassNotFoundException'{0x0000000087de1be0}: java/lang/StringBufferBeanInfo> (0x0000000087de1be0) thrown at [s\src\hotspot\share\classfile\systemDictionary.cpp, line 230]
Event: 76.312 Thread 0x00000205ffe37000 Exception <a 'java/lang/ClassNotFoundException'{0x0000000087de7618}: java/lang/AbstractStringBuilderBeanInfo> (0x0000000087de7618) thrown at [s\src\hotspot\share\classfile\systemDictionary.cpp, line 230]
Event: 76.312 Thread 0x00000205ffe37000 Exception <a 'java/lang/ClassNotFoundException'{0x0000000087ded068}: java/lang/AbstractStringBuilderCustomizer> (0x0000000087ded068) thrown at [s\src\hotspot\share\classfile\systemDictionary.cpp, line 230]
Event: 76.329 Thread 0x00000205ffe37000 Exception <a 'java/lang/ClassNotFoundException'{0x0000000087cd0ad0}: java/lang/StringBufferCustomizer> (0x0000000087cd0ad0) thrown at [s\src\hotspot\share\classfile\systemDictionary.cpp, line 230]
Event: 80.285 Thread 0x00000205ffe37000 Exception <a 'java/lang/ClassNotFoundException'{0x0000000087a1a0b0}: java/lang/StringBeanInfo> (0x0000000087a1a0b0) thrown at [s\src\hotspot\share\classfile\systemDictionary.cpp, line 230]
Event: 80.285 Thread 0x00000205ffe37000 Exception <a 'java/lang/ClassNotFoundException'{0x0000000087a1fa68}: java/lang/StringCustomizer> (0x0000000087a1fa68) thrown at [s\src\hotspot\share\classfile\systemDictionary.cpp, line 230]
Event: 80.294 Thread 0x00000205ffe37000 Exception <a 'java/lang/ClassNotFoundException'{0x0000000087aa6bd8}: org/gradle/internal/logging/slf4j/OutputEventListenerBackedLoggerBeanInfo> (0x0000000087aa6bd8) thrown at [s\src\hotspot\share\classfile\systemDictionary.cpp, line 230]
Event: 80.295 Thread 0x00000205ffe37000 Exception <a 'java/lang/ClassNotFoundException'{0x0000000087ad4168}: org/gradle/internal/logging/slf4j/BuildOperationAwareLoggerBeanInfo> (0x0000000087ad4168) thrown at [s\src\hotspot\share\classfile\systemDictionary.cpp, line 230]
Event: 80.296 Thread 0x00000205ffe37000 Exception <a 'java/lang/ClassNotFoundException'{0x0000000087901ce8}: org/gradle/internal/logging/slf4j/BuildOperationAwareLoggerCustomizer> (0x0000000087901ce8) thrown at [s\src\hotspot\share\classfile\systemDictionary.cpp, line 230]

Events (20 events):
Event: 80.294 loading class org/gradle/internal/logging/slf4j/BuildOperationAwareLoggerBeanInfo
Event: 80.294 loading class org/gradle/internal/logging/slf4j/BuildOperationAwareLoggerBeanInfo done
Event: 80.294 loading class org/gradle/internal/logging/slf4j/BuildOperationAwareLoggerBeanInfo
Event: 80.294 loading class org/gradle/internal/logging/slf4j/BuildOperationAwareLoggerBeanInfo done
Event: 80.295 loading class org/gradle/internal/logging/slf4j/BuildOperationAwareLoggerBeanInfo
Event: 80.295 loading class org/gradle/internal/logging/slf4j/BuildOperationAwareLoggerBeanInfo done
Event: 80.295 loading class org/gradle/internal/logging/slf4j/BuildOperationAwareLoggerCustomizer
Event: 80.295 loading class org/gradle/internal/logging/slf4j/BuildOperationAwareLoggerCustomizer done
Event: 80.295 loading class org/gradle/internal/logging/slf4j/BuildOperationAwareLoggerCustomizer
Event: 80.295 loading class org/gradle/internal/logging/slf4j/BuildOperationAwareLoggerCustomizer done
Event: 80.295 loading class org/gradle/internal/logging/slf4j/BuildOperationAwareLoggerCustomizer
Event: 80.295 loading class org/gradle/internal/logging/slf4j/BuildOperationAwareLoggerCustomizer done
Event: 80.296 loading class org/gradle/internal/logging/slf4j/BuildOperationAwareLoggerCustomizer
Event: 80.296 loading class org/gradle/internal/logging/slf4j/BuildOperationAwareLoggerCustomizer done
Event: 80.297 loading class org/gradle/internal/logging/slf4j/OutputEventListenerBackedLoggerCustomizer
Event: 80.297 loading class org/gradle/internal/logging/slf4j/OutputEventListenerBackedLoggerCustomizer done
Event: 80.297 loading class org/gradle/internal/logging/slf4j/OutputEventListenerBackedLoggerCustomizer
Event: 80.297 loading class org/gradle/internal/logging/slf4j/OutputEventListenerBackedLoggerCustomizer done
Event: 80.297 loading class org/gradle/internal/logging/slf4j/OutputEventListenerBackedLoggerCustomizer
Event: 80.297 loading class org/gradle/internal/logging/slf4j/OutputEventListenerBackedLoggerCustomizer done


Dynamic libraries:
0x00007ff770460000 - 0x00007ff77046d000 	C:\Program Files\Microsoft\jdk-11.0.20.8-hotspot\bin\java.exe
0x00007ff971910000 - 0x00007ff971b08000 	C:\WINDOWS\SYSTEM32\ntdll.dll
0x00007ff96fc00000 - 0x00007ff96fcbf000 	C:\WINDOWS\System32\KERNEL32.DLL
0x00007ff96f510000 - 0x00007ff96f806000 	C:\WINDOWS\System32\KERNELBASE.dll
0x00007ff96eff0000 - 0x00007ff96f0f0000 	C:\WINDOWS\System32\ucrtbase.dll
0x00007ff961f00000 - 0x00007ff961f17000 	C:\Program Files\Microsoft\jdk-11.0.20.8-hotspot\bin\jli.dll
0x00007ff96fa60000 - 0x00007ff96fbfd000 	C:\WINDOWS\System32\USER32.dll
0x00007ff96f8a0000 - 0x00007ff96f8c2000 	C:\WINDOWS\System32\win32u.dll
0x00007ff9705c0000 - 0x00007ff9705ec000 	C:\WINDOWS\System32\GDI32.dll
0x00007ff96f1e0000 - 0x00007ff96f2f5000 	C:\WINDOWS\System32\gdi32full.dll
0x00007ff96f8d0000 - 0x00007ff96f96d000 	C:\WINDOWS\System32\msvcp_win.dll
0x00007ff961ee0000 - 0x00007ff961ef5000 	C:\Program Files\Microsoft\jdk-11.0.20.8-hotspot\bin\VCRUNTIME140.dll
0x00007ff955af0000 - 0x00007ff955d8a000 	C:\WINDOWS\WinSxS\amd64_microsoft.windows.common-controls_6595b64144ccf1df_6.0.19041.1110_none_60b5254171f9507e\COMCTL32.dll
0x00007ff970720000 - 0x00007ff9707be000 	C:\WINDOWS\System32\msvcrt.dll
0x00007ff9709e0000 - 0x00007ff970a10000 	C:\WINDOWS\System32\IMM32.DLL
0x00007ff930f00000 - 0x00007ff930f9b000 	C:\Program Files\Microsoft\jdk-11.0.20.8-hotspot\bin\msvcp140.dll
0x00007ff90c120000 - 0x00007ff90ccb6000 	C:\Program Files\Microsoft\jdk-11.0.20.8-hotspot\bin\server\jvm.dll
0x00007ff971670000 - 0x00007ff97171f000 	C:\WINDOWS\System32\ADVAPI32.dll
0x00007ff971780000 - 0x00007ff97181c000 	C:\WINDOWS\System32\sechost.dll
0x00007ff9712c0000 - 0x00007ff9713e6000 	C:\WINDOWS\System32\RPCRT4.dll
0x00007ff96fa50000 - 0x00007ff96fa58000 	C:\WINDOWS\System32\PSAPI.DLL
0x00007ff8e08e0000 - 0x00007ff8e08e9000 	C:\WINDOWS\SYSTEM32\WSOCK32.dll
0x00007ff971510000 - 0x00007ff97157b000 	C:\WINDOWS\System32\WS2_32.dll
0x00007ff95f530000 - 0x00007ff95f557000 	C:\WINDOWS\SYSTEM32\WINMM.dll
0x00007ff965fa0000 - 0x00007ff965faa000 	C:\WINDOWS\SYSTEM32\VERSION.dll
0x00007ff96d7f0000 - 0x00007ff96d802000 	C:\WINDOWS\SYSTEM32\kernel.appcore.dll
0x00007ff961ed0000 - 0x00007ff961ee0000 	C:\Program Files\Microsoft\jdk-11.0.20.8-hotspot\bin\verify.dll
0x00007ff969c90000 - 0x00007ff969e74000 	C:\WINDOWS\SYSTEM32\DBGHELP.DLL
0x00007ff94d9e0000 - 0x00007ff94da14000 	C:\WINDOWS\SYSTEM32\dbgcore.DLL
0x00007ff96f810000 - 0x00007ff96f892000 	C:\WINDOWS\System32\bcryptPrimitives.dll
0x00007ff947660000 - 0x00007ff947688000 	C:\Program Files\Microsoft\jdk-11.0.20.8-hotspot\bin\java.dll
0x00007ff961ec0000 - 0x00007ff961eca000 	C:\Program Files\Microsoft\jdk-11.0.20.8-hotspot\bin\jimage.dll
0x00007ff95ee80000 - 0x00007ff95ee98000 	C:\Program Files\Microsoft\jdk-11.0.20.8-hotspot\bin\zip.dll
0x00007ff96fcc0000 - 0x00007ff970404000 	C:\WINDOWS\System32\SHELL32.dll
0x00007ff96d040000 - 0x00007ff96d7d3000 	C:\WINDOWS\SYSTEM32\windows.storage.dll
0x00007ff970a10000 - 0x00007ff970d64000 	C:\WINDOWS\System32\combase.dll
0x00007ff96e960000 - 0x00007ff96e98e000 	C:\WINDOWS\SYSTEM32\Wldp.dll
0x00007ff970670000 - 0x00007ff97071d000 	C:\WINDOWS\System32\SHCORE.dll
0x00007ff9705f0000 - 0x00007ff970645000 	C:\WINDOWS\System32\shlwapi.dll
0x00007ff96ef30000 - 0x00007ff96ef4f000 	C:\WINDOWS\SYSTEM32\profapi.dll
0x00007ff954270000 - 0x00007ff954289000 	C:\Program Files\Microsoft\jdk-11.0.20.8-hotspot\bin\net.dll
0x00007ff960bf0000 - 0x00007ff960cfa000 	C:\WINDOWS\SYSTEM32\WINHTTP.dll
0x00007ff96e740000 - 0x00007ff96e7aa000 	C:\WINDOWS\system32\mswsock.dll
0x00007ff9466f0000 - 0x00007ff946703000 	C:\Program Files\Microsoft\jdk-11.0.20.8-hotspot\bin\nio.dll
0x00007ff943e90000 - 0x00007ff943eb7000 	C:\Users\user\.gradle\native\68d5fa5c4cc2d200863cafc0d521ce42e7d3e7ee720ec0a83991735586a16f82\windows-amd64\native-platform.dll
0x00007ff91e0a0000 - 0x00007ff91e1e4000 	C:\Users\user\.gradle\native\e376f236ea51e6404a007f0833ffe2c6e607c4080706a723a18a27aeea778392\windows-amd64\native-platform-file-events.dll
0x00007ff955070000 - 0x00007ff955079000 	C:\Program Files\Microsoft\jdk-11.0.20.8-hotspot\bin\management.dll
0x00007ff954c70000 - 0x00007ff954c7b000 	C:\Program Files\Microsoft\jdk-11.0.20.8-hotspot\bin\management_ext.dll
0x00007ff96e9a0000 - 0x00007ff96e9b8000 	C:\WINDOWS\SYSTEM32\CRYPTSP.dll
0x00007ff96e010000 - 0x00007ff96e044000 	C:\WINDOWS\system32\rsaenh.dll
0x00007ff96f160000 - 0x00007ff96f187000 	C:\WINDOWS\System32\bcrypt.dll
0x00007ff96eeb0000 - 0x00007ff96eede000 	C:\WINDOWS\SYSTEM32\USERENV.dll
0x00007ff96e8d0000 - 0x00007ff96e8dc000 	C:\WINDOWS\SYSTEM32\CRYPTBASE.dll
0x00007ff96e400000 - 0x00007ff96e43c000 	C:\WINDOWS\SYSTEM32\IPHLPAPI.DLL
0x00007ff970e40000 - 0x00007ff970e48000 	C:\WINDOWS\System32\NSI.dll
0x00007ff963de0000 - 0x00007ff963df7000 	C:\WINDOWS\SYSTEM32\dhcpcsvc6.DLL
0x00007ff963dc0000 - 0x00007ff963ddd000 	C:\WINDOWS\SYSTEM32\dhcpcsvc.DLL
0x00007ff96e450000 - 0x00007ff96e51a000 	C:\WINDOWS\SYSTEM32\DNSAPI.dll

dbghelp: loaded successfully - version: 4.0.5 - missing functions: none
symbol engine: initialized successfully - sym options: 0x614 - pdb path: .;C:\Program Files\Microsoft\jdk-11.0.20.8-hotspot\bin;C:\WINDOWS\SYSTEM32;C:\WINDOWS\WinSxS\amd64_microsoft.windows.common-controls_6595b64144ccf1df_6.0.19041.1110_none_60b5254171f9507e;C:\Program Files\Microsoft\jdk-11.0.20.8-hotspot\bin\server;C:\Users\user\.gradle\native\68d5fa5c4cc2d200863cafc0d521ce42e7d3e7ee720ec0a83991735586a16f82\windows-amd64;C:\Users\user\.gradle\native\e376f236ea51e6404a007f0833ffe2c6e607c4080706a723a18a27aeea778392\windows-amd64

VM Arguments:
jvm_args: -XX:MaxMetaspaceSize=512m --add-opens=java.base/java.util=ALL-UNNAMED --add-opens=java.base/java.lang=ALL-UNNAMED --add-opens=java.base/java.lang.invoke=ALL-UNNAMED --add-opens=java.prefs/java.util.prefs=ALL-UNNAMED --add-opens=java.base/java.nio.charset=ALL-UNNAMED --add-opens=java.base/java.net=ALL-UNNAMED --add-opens=java.base/java.util.concurrent.atomic=ALL-UNNAMED -Xmx2048m -Dfile.encoding=windows-1252 -Duser.country=US -Duser.language=en -Duser.variant 
java_command: org.gradle.launcher.daemon.bootstrap.GradleDaemon 8.0.1
java_class_path (initial): C:\Users\user\.gradle\wrapper\dists\gradle-8.0.1-bin\7rsvvmdp4bsd5fhm7a9cyrnzz\gradle-8.0.1\lib\gradle-launcher-8.0.1.jar
Launcher Type: SUN_STANDARD

[Global flags]
     intx CICompilerCount                          = 3                                         {product} {ergonomic}
   size_t CompressedClassSpaceSize                 = 528482304                                 {product} {ergonomic}
     uint ConcGCThreads                            = 1                                         {product} {ergonomic}
     uint G1ConcRefinementThreads                  = 4                                         {product} {ergonomic}
   size_t G1HeapRegionSize                         = 1048576                                   {product} {ergonomic}
    uintx GCDrainStackTargetSize                   = 64                                        {product} {ergonomic}
   size_t InitialHeapSize                          = 134217728                                 {product} {ergonomic}
   size_t MarkStackSize                            = 4194304                                   {product} {ergonomic}
   size_t MaxHeapSize                              = 2147483648                                {product} {command line}
   size_t MaxMetaspaceSize                         = 536870912                                 {product} {command line}
   size_t MaxNewSize                               = 1287651328                                {product} {ergonomic}
   size_t MinHeapDeltaBytes                        = 1048576                                   {product} {ergonomic}
    uintx NonNMethodCodeHeapSize                   = 5830732                                {pd product} {ergonomic}
    uintx NonProfiledCodeHeapSize                  = 122913754                              {pd product} {ergonomic}
    uintx ProfiledCodeHeapSize                     = 122913754                              {pd product} {ergonomic}
    uintx ReservedCodeCacheSize                    = 251658240                              {pd product} {ergonomic}
     bool SegmentedCodeCache                       = true                                      {product} {ergonomic}
     bool UseCompressedClassPointers               = true                                 {lp64_product} {ergonomic}
     bool UseCompressedOops                        = true                                 {lp64_product} {ergonomic}
     bool UseG1GC                                  = true                                      {product} {ergonomic}
     bool UseLargePagesIndividualAllocation        = false                                  {pd product} {ergonomic}

Logging:
Log output configuration:
 #0: stdout all=warning uptime,level,tags
 #1: stderr all=off uptime,level,tags

Environment Variables:
JAVA_HOME=C:\Program Files\Microsoft\jdk-11.0.20.8-hotspot\
CLASSPATH=C:\Users\user\Desktop\Tech\ReactNativeWithReduxSaga\android\\gradle\wrapper\gradle-wrapper.jar
PATH=C:\Users\user\Desktop\Tech\ReactNativeWithReduxSaga\node_modules\.bin;C:\Users\user\Desktop\Tech\ReactNativeWithReduxSaga\node_modules\.bin;C:\Users\user\Desktop\Tech\node_modules\.bin;C:\Users\user\Desktop\node_modules\.bin;C:\Users\user\node_modules\.bin;C:\Users\node_modules\.bin;C:\node_modules\.bin;C:\Users\user\AppData\Roaming\npm\node_modules\npm\node_modules\@npmcli\run-script\lib\node-gyp-bin;C:\Users\user\AppData\Local\Temp\yarn--1701965605336-0.7903989804720322;C:\Users\user\Desktop\Tech\ReactNativeWithReduxSaga\node_modules\.bin;C:\Users\user\AppData\Local\Yarn\Data\link\node_modules\.bin;C:\Users\user\AppData\Local\Yarn\bin;C:\Program Files\libexec\lib\node_modules\npm\bin\node-gyp-bin;C:\Program Files\lib\node_modules\npm\bin\node-gyp-bin;C:\Program Files\nodejs\node_modules\npm\bin\node-gyp-bin;C:\Program Files\Microsoft\jdk-11.0.20.8-hotspot\bin;C:\Python311\Scripts\;C:\Python311\;C:\Python310\Scripts\;C:\Python310\;C:\Program Files\Common Files\Oracle\Java\javapath;C:\Program Files (x86)\Common Files\Oracle\Java\javapath;C:\WINDOWS\system32;C:\WINDOWS;C:\WINDOWS\System32\Wbem;C:\WINDOWS\System32\WindowsPowerShell\v1.0\;C:\WINDOWS\System32\OpenSSH\;C:\Program Files\Git\cmd;C:\ProgramData\chocolatey\bin;C:\Users\user\AppData\Roaming\nvm;C:\Program Files\nodejs;C:\Program Files\PuTTY\;C:\Program Files\nodejs\;C:\Program Files\MySQL\MySQL Shell 8.0\bin\;C:\Users\user\AppData\Local\Microsoft\WindowsApps;C:\Users\user\AppData\Local\Programs\Microsoft VS Code\bin;C:\Users\user\AppData\Local\Android\Sdk\platform-tools;C:\Users\user\AppData\Local\Android\Sdk\build-tools;C:\Users\user\AppData\Local\Android\Sdk\emulator;C:\Users\user\AppData\Local\Android\Sdk\tools;C:\Program Files\Lando\bin;C:\Users\user\AppData\Local\GitHubDesktop\bin;C:\Users\user\AppData\Roaming\nvm;C:\Program Files\nodejs;C:\Users\user\AppData\Roaming\npm;
USERNAME=user
OS=Windows_NT
PROCESSOR_IDENTIFIER=Intel64 Family 6 Model 94 Stepping 3, GenuineIntel
TMP=C:\Users\user\AppData\Local\Temp
TEMP=C:\Users\user\AppData\Local\Temp



---------------  S Y S T E M  ---------------

OS: Windows 10 , 64 bit Build 19041 (10.0.19041.3031)
OS uptime: 0 days 5:58 hours
Hyper-V role detected

CPU:total 4 (initial active 4) (4 cores per cpu, 2 threads per core) family 6 model 94 stepping 3 microcode 0xcc, cmov, cx8, fxsr, mmx, sse, sse2, sse3, ssse3, sse4.1, sse4.2, popcnt, avx, avx2, aes, clmul, erms, rtm, 3dnowpref, lzcnt, ht, tsc, tscinvbit, bmi1, bmi2, adx, fma

Memory: 4k page, system-wide physical 8111M (109M free)
TotalPageFile size 32687M (AvailPageFile size 0M)
current process WorkingSet (physical memory assigned to process): 187M, peak: 233M
current process commit charge ("private bytes"): 277M, peak: 299M

vm_info: OpenJDK 64-Bit Server VM (11.0.20+8-LTS) for windows-amd64 JRE (11.0.20+8-LTS), built on Jul  7 2023 17:05:21 by "MicrosoftCorporation" with MS VC++ 15.9 (VS2017)

END.
